[ 2016-01-17T11:10:56+08:00 ] 127.0.0.1 /index.php/Admin/Main/search_caf.php?uid=www569b0608b00e13.89481976&src=linen&abp=1
ERR: SQLSTATE[HY000] [2002] 由于目标计算机积极拒绝，无法连接。


[ 2016-01-17T11:10:56+08:00 ] 127.0.0.1 /index.php/Admin/Main/page.php?www569b0608b00e13.89481976
ERR: SQLSTATE[HY000] [2002] 由于目标计算机积极拒绝，无法连接。


[ 2016-01-17T11:10:57+08:00 ] 127.0.0.1 /index.php/Admin/Main/tg.php?uid=www569b0608b00e13.89481976
ERR: SQLSTATE[HY000] [2002] 由于目标计算机积极拒绝，无法连接。


[ 2016-01-17T11:10:57+08:00 ] 127.0.0.1 /index.php/Admin/Main/page.php?www569b0608b00e13.89481976
ERR: SQLSTATE[HY000] [2002] 由于目标计算机积极拒绝，无法连接。


[ 2016-01-17T11:11:25+08:00 ] 127.0.0.1 /index.php/Admin/Main/index
ERR: SQLSTATE[HY000] [2002] 由于目标计算机积极拒绝，无法连接。


[ 2016-01-17T11:11:50+08:00 ] 127.0.0.1 /index.php/Admin/Role/lst
ERR: SQLSTATE[HY000] [2002] 由于目标计算机积极拒绝，无法连接。


[ 2016-01-17T11:57:59+08:00 ] 127.0.0.1 /index.php/Admin/Category/ajaxGetCatInfo/catid31
INFO: [ app_begin ] --START--
INFO: Run Behavior\ReadHtmlCacheBehavior [ RunTime:0.001000s ]
INFO: [ app_begin ] --END-- [ RunTime:0.002000s ]
SQL: SHOW COLUMNS FROM `it_admin` [ RunTime:0.0080s ]
SQL: SHOW COLUMNS FROM `it_category` [ RunTime:0.0080s ]
SQL: SELECT `model_id`,`list_temp`,`content_temp` FROM `it_category` WHERE `id` = 0 LIMIT 1   [ RunTime:0.0010s ]
INFO: [ app_end ] --START--
INFO: Run Behavior\ShowPageTraceBehavior [ RunTime:0.002000s ]
INFO: [ app_end ] --END-- [ RunTime:0.002000s ]

[ 2016-01-17T12:02:06+08:00 ] 127.0.0.1 /index.php/Admin/Category/ajaxGetCatInfo/catid31
INFO: [ app_begin ] --START--
INFO: Run Behavior\ReadHtmlCacheBehavior [ RunTime:0.001000s ]
INFO: [ app_begin ] --END-- [ RunTime:0.002000s ]
SQL: SHOW COLUMNS FROM `it_admin` [ RunTime:0.0080s ]
SQL: SHOW COLUMNS FROM `it_category` [ RunTime:0.0070s ]
SQL: SELECT `model_id`,`list_temp`,`content_temp` FROM `it_category` WHERE `id` = 0 LIMIT 1   [ RunTime:0.0010s ]
INFO: [ app_end ] --START--
INFO: Run Behavior\ShowPageTraceBehavior [ RunTime:0.001000s ]
INFO: [ app_end ] --END-- [ RunTime:0.001000s ]

[ 2016-01-17T12:03:36+08:00 ] 127.0.0.1 /index.php/Admin/Category/ajaxGetCatInfo/catid31
INFO: [ app_begin ] --START--
INFO: Run Behavior\ReadHtmlCacheBehavior [ RunTime:0.001000s ]
INFO: [ app_begin ] --END-- [ RunTime:0.003001s ]
SQL: SHOW COLUMNS FROM `it_admin` [ RunTime:0.0090s ]
SQL: SHOW COLUMNS FROM `it_category` [ RunTime:0.0090s ]
SQL: SELECT `model_id`,`list_temp`,`content_temp` FROM `it_category` WHERE `id` = 0 LIMIT 1   [ RunTime:0.0000s ]
INFO: [ app_end ] --START--
INFO: Run Behavior\ShowPageTraceBehavior [ RunTime:0.002000s ]
INFO: [ app_end ] --END-- [ RunTime:0.002000s ]

[ 2016-01-17T12:04:36+08:00 ] 127.0.0.1 /index.php/Admin/Category/ajaxGetCatInfo/catid31
INFO: [ app_begin ] --START--
INFO: Run Behavior\ReadHtmlCacheBehavior [ RunTime:0.001000s ]
INFO: [ app_begin ] --END-- [ RunTime:0.002000s ]
SQL: SHOW COLUMNS FROM `it_admin` [ RunTime:0.0040s ]

[ 2016-01-17T12:05:51+08:00 ] 127.0.0.1 /index.php/Admin/Category/ajaxGetCatInfo/catid31
INFO: [ app_begin ] --START--
INFO: Run Behavior\ReadHtmlCacheBehavior [ RunTime:0.001000s ]
INFO: [ app_begin ] --END-- [ RunTime:0.002001s ]
SQL: SHOW COLUMNS FROM `it_admin` [ RunTime:0.0080s ]

[ 2016-01-17T12:06:24+08:00 ] 127.0.0.1 /index.php/Admin/Category/ajaxGetCatInfo/catid31
INFO: [ app_begin ] --START--
INFO: Run Behavior\ReadHtmlCacheBehavior [ RunTime:0.003000s ]
INFO: [ app_begin ] --END-- [ RunTime:0.004000s ]
SQL: SHOW COLUMNS FROM `it_admin` [ RunTime:0.0090s ]

[ 2016-01-17T12:06:47+08:00 ] 127.0.0.1 /index.php/Admin/Category/ajaxGetCatInfo/catid/31
INFO: [ app_begin ] --START--
INFO: Run Behavior\ReadHtmlCacheBehavior [ RunTime:0.002000s ]
INFO: [ app_begin ] --END-- [ RunTime:0.003000s ]
SQL: SHOW COLUMNS FROM `it_admin` [ RunTime:0.0090s ]

[ 2016-01-17T12:08:02+08:00 ] 127.0.0.1 /index.php/Admin/Category/ajaxGetCatInfo/catid/31
INFO: [ app_begin ] --START--
INFO: Run Behavior\ReadHtmlCacheBehavior [ RunTime:0.002000s ]
INFO: [ app_begin ] --END-- [ RunTime:0.003000s ]
SQL: SHOW COLUMNS FROM `it_admin` [ RunTime:0.0100s ]

[ 2016-01-17T12:09:21+08:00 ] 127.0.0.1 /index.php/Admin/Category/ajaxGetCatInfo/catid/31
INFO: [ app_begin ] --START--
INFO: Run Behavior\ReadHtmlCacheBehavior [ RunTime:0.002000s ]
INFO: [ app_begin ] --END-- [ RunTime:0.002000s ]
SQL: SHOW COLUMNS FROM `it_admin` [ RunTime:0.0100s ]
SQL: SHOW COLUMNS FROM `it_category` [ RunTime:0.0080s ]
SQL: SELECT `model_id`,`list_temp`,`content_temp` FROM `it_category` WHERE `id` = 31 LIMIT 1   [ RunTime:0.0010s ]
INFO: [ app_end ] --START--
INFO: Run Behavior\ShowPageTraceBehavior [ RunTime:0.002000s ]
INFO: [ app_end ] --END-- [ RunTime:0.002000s ]

[ 2016-01-17T12:09:47+08:00 ] 127.0.0.1 /index.php/Admin/Category/ajaxGetCatInfo/catid/31
INFO: [ app_begin ] --START--
INFO: Run Behavior\ReadHtmlCacheBehavior [ RunTime:0.002000s ]
INFO: [ app_begin ] --END-- [ RunTime:0.003000s ]
SQL: SHOW COLUMNS FROM `it_admin` [ RunTime:0.0070s ]
SQL: SHOW COLUMNS FROM `it_category` [ RunTime:0.0070s ]
SQL: SELECT `model_id`,`list_temp`,`content_temp` FROM `it_category` WHERE `id` = 31 LIMIT 1   [ RunTime:0.0000s ]
INFO: [ app_end ] --START--
INFO: Run Behavior\ShowPageTraceBehavior [ RunTime:0.002000s ]
INFO: [ app_end ] --END-- [ RunTime:0.002000s ]

[ 2016-01-17T12:15:16+08:00 ] 127.0.0.1 /index.php/Admin/Category/ajaxGetCatInfo/catid/31
INFO: [ app_begin ] --START--
INFO: Run Behavior\ReadHtmlCacheBehavior [ RunTime:0.001000s ]
INFO: [ app_begin ] --END-- [ RunTime:0.002000s ]
SQL: SHOW COLUMNS FROM `it_admin` [ RunTime:0.0050s ]
SQL: SHOW COLUMNS FROM `it_category` [ RunTime:0.0060s ]
SQL: SELECT `model_id`,`list_temp`,`content_temp` FROM `it_category` WHERE `id` = 31 LIMIT 1   [ RunTime:0.0000s ]
INFO: [ app_end ] --START--
INFO: Run Behavior\ShowPageTraceBehavior [ RunTime:0.001000s ]
INFO: [ app_end ] --END-- [ RunTime:0.002000s ]

[ 2016-01-17T12:16:14+08:00 ] 127.0.0.1 /index.php/Admin/Category/ajaxGetCatInfo/catid/31
INFO: [ app_begin ] --START--
INFO: Run Behavior\ReadHtmlCacheBehavior [ RunTime:0.001000s ]
INFO: [ app_begin ] --END-- [ RunTime:0.002000s ]
SQL: SHOW COLUMNS FROM `it_admin` [ RunTime:0.0200s ]
SQL: SHOW COLUMNS FROM `it_category` [ RunTime:0.0080s ]
SQL: SELECT `model_id`,`list_temp`,`content_temp` FROM `it_category` WHERE `id` = 31 LIMIT 1   [ RunTime:0.0000s ]
INFO: [ app_end ] --START--
INFO: Run Behavior\ShowPageTraceBehavior [ RunTime:0.002001s ]
INFO: [ app_end ] --END-- [ RunTime:0.002001s ]

[ 2016-01-17T12:16:22+08:00 ] 127.0.0.1 /index.php/Admin/Category/ajaxGetCatInfo/catid/31
INFO: [ app_begin ] --START--
INFO: Run Behavior\ReadHtmlCacheBehavior [ RunTime:0.002000s ]
INFO: [ app_begin ] --END-- [ RunTime:0.004000s ]
SQL: SHOW COLUMNS FROM `it_admin` [ RunTime:0.0110s ]
SQL: SHOW COLUMNS FROM `it_category` [ RunTime:0.0090s ]
SQL: SELECT `model_id`,`list_temp`,`content_temp` FROM `it_category` WHERE `id` = 31 LIMIT 1   [ RunTime:0.0010s ]
INFO: [ app_end ] --START--
INFO: Run Behavior\ShowPageTraceBehavior [ RunTime:0.002000s ]
INFO: [ app_end ] --END-- [ RunTime:0.002000s ]

[ 2016-01-17T12:17:55+08:00 ] 127.0.0.1 /index.php/Admin/Category/ajaxGetCatInfo/catid/31
INFO: [ app_begin ] --START--
INFO: Run Behavior\ReadHtmlCacheBehavior [ RunTime:0.001000s ]
INFO: [ app_begin ] --END-- [ RunTime:0.002000s ]
SQL: SHOW COLUMNS FROM `it_admin` [ RunTime:0.0080s ]
SQL: SHOW COLUMNS FROM `it_category` [ RunTime:0.0090s ]
SQL: SELECT `model_id`,`list_temp`,`content_temp` FROM `it_category` WHERE `id` = 31 LIMIT 1   [ RunTime:0.0010s ]
INFO: [ app_end ] --START--
INFO: Run Behavior\ShowPageTraceBehavior [ RunTime:0.002000s ]
INFO: [ app_end ] --END-- [ RunTime:0.002000s ]

[ 2016-01-17T12:17:58+08:00 ] 127.0.0.1 /index.php/Admin/Category/ajaxGetCatInfo/catid/31
INFO: [ app_begin ] --START--
INFO: Run Behavior\ReadHtmlCacheBehavior [ RunTime:0.001000s ]
INFO: [ app_begin ] --END-- [ RunTime:0.003000s ]
SQL: SHOW COLUMNS FROM `it_admin` [ RunTime:0.0080s ]
SQL: SHOW COLUMNS FROM `it_category` [ RunTime:0.0080s ]
SQL: SELECT `model_id`,`list_temp`,`content_temp` FROM `it_category` WHERE `id` = 31 LIMIT 1   [ RunTime:0.0010s ]
INFO: [ app_end ] --START--
INFO: Run Behavior\ShowPageTraceBehavior [ RunTime:0.002000s ]
INFO: [ app_end ] --END-- [ RunTime:0.002000s ]

[ 2016-01-17T12:18:03+08:00 ] 127.0.0.1 /index.php/Admin/Category/ajaxGetCatInfo/catid/31
INFO: [ app_begin ] --START--
INFO: Run Behavior\ReadHtmlCacheBehavior [ RunTime:0.002000s ]
INFO: [ app_begin ] --END-- [ RunTime:0.005000s ]
SQL: SHOW COLUMNS FROM `it_admin` [ RunTime:0.0110s ]
SQL: SHOW COLUMNS FROM `it_category` [ RunTime:0.0080s ]
SQL: SELECT `model_id`,`list_temp`,`content_temp` FROM `it_category` WHERE `id` = 31 LIMIT 1   [ RunTime:0.0010s ]
INFO: [ app_end ] --START--
INFO: Run Behavior\ShowPageTraceBehavior [ RunTime:0.003000s ]
INFO: [ app_end ] --END-- [ RunTime:0.003000s ]

[ 2016-01-17T12:19:10+08:00 ] 127.0.0.1 /index.php/Admin/Category/ajaxGetCatInfo/catid/31
INFO: [ app_begin ] --START--
INFO: Run Behavior\ReadHtmlCacheBehavior [ RunTime:0.001001s ]
INFO: [ app_begin ] --END-- [ RunTime:0.002001s ]
SQL: SHOW COLUMNS FROM `it_admin` [ RunTime:0.0080s ]
SQL: SHOW COLUMNS FROM `it_category` [ RunTime:0.0090s ]
SQL: SELECT `model_id`,`list_temp`,`content_temp` FROM `it_category` WHERE `id` = 31 LIMIT 1   [ RunTime:0.0000s ]
INFO: [ app_end ] --START--
INFO: Run Behavior\ShowPageTraceBehavior [ RunTime:0.002000s ]
INFO: [ app_end ] --END-- [ RunTime:0.002000s ]

[ 2016-01-17T12:19:13+08:00 ] 127.0.0.1 /index.php/Admin/Category/ajaxGetCatInfo/catid/31
INFO: [ app_begin ] --START--
INFO: Run Behavior\ReadHtmlCacheBehavior [ RunTime:0.001000s ]
INFO: [ app_begin ] --END-- [ RunTime:0.003000s ]
SQL: SHOW COLUMNS FROM `it_admin` [ RunTime:0.0080s ]
SQL: SHOW COLUMNS FROM `it_category` [ RunTime:0.0070s ]
SQL: SELECT `model_id`,`list_temp`,`content_temp` FROM `it_category` WHERE `id` = 31 LIMIT 1   [ RunTime:0.0010s ]
INFO: [ app_end ] --START--
INFO: Run Behavior\ShowPageTraceBehavior [ RunTime:0.002001s ]
INFO: [ app_end ] --END-- [ RunTime:0.002001s ]

[ 2016-01-17T12:19:24+08:00 ] 127.0.0.1 /index.php/Admin/Category/ajaxGetCatInfo/catid/31
INFO: [ app_begin ] --START--
INFO: Run Behavior\ReadHtmlCacheBehavior [ RunTime:0.002000s ]
INFO: [ app_begin ] --END-- [ RunTime:0.003000s ]
SQL: SHOW COLUMNS FROM `it_admin` [ RunTime:0.0080s ]
SQL: SHOW COLUMNS FROM `it_category` [ RunTime:0.0100s ]
SQL: SELECT `model_id`,`list_temp`,`content_temp` FROM `it_category` WHERE `id` = 31 LIMIT 1   [ RunTime:0.0010s ]
INFO: [ app_end ] --START--
INFO: Run Behavior\ShowPageTraceBehavior [ RunTime:0.003000s ]
INFO: [ app_end ] --END-- [ RunTime:0.003000s ]

[ 2016-01-17T12:20:09+08:00 ] 127.0.0.1 /index.php/Admin/Category/ajaxGetCatInfo/catid/31
INFO: [ app_begin ] --START--
INFO: Run Behavior\ReadHtmlCacheBehavior [ RunTime:0.001000s ]
INFO: [ app_begin ] --END-- [ RunTime:0.001000s ]
SQL: SHOW COLUMNS FROM `it_admin` [ RunTime:0.0090s ]
SQL: SHOW COLUMNS FROM `it_category` [ RunTime:0.0040s ]
SQL: SELECT `model_id`,`list_temp`,`content_temp` FROM `it_category` WHERE `id` = 31 LIMIT 1   [ RunTime:0.0000s ]
INFO: [ app_end ] --START--
INFO: Run Behavior\ShowPageTraceBehavior [ RunTime:0.001001s ]
INFO: [ app_end ] --END-- [ RunTime:0.001001s ]

[ 2016-01-17T12:20:12+08:00 ] 127.0.0.1 /index.php/Admin/Category/ajaxGetCatInfo/catid/31
INFO: [ app_begin ] --START--
INFO: Run Behavior\ReadHtmlCacheBehavior [ RunTime:0.000000s ]
INFO: [ app_begin ] --END-- [ RunTime:0.001000s ]
SQL: SHOW COLUMNS FROM `it_admin` [ RunTime:0.0050s ]
SQL: SHOW COLUMNS FROM `it_category` [ RunTime:0.0070s ]
SQL: SELECT `model_id`,`list_temp`,`content_temp` FROM `it_category` WHERE `id` = 31 LIMIT 1   [ RunTime:0.0010s ]
INFO: [ app_end ] --START--
INFO: Run Behavior\ShowPageTraceBehavior [ RunTime:0.000000s ]
INFO: [ app_end ] --END-- [ RunTime:0.000000s ]

[ 2016-01-17T12:23:33+08:00 ] 127.0.0.1 /index.php/Admin/Category/ajaxGetCatInfo/catid/31
INFO: [ app_begin ] --START--
INFO: Run Behavior\ReadHtmlCacheBehavior [ RunTime:0.001000s ]
INFO: [ app_begin ] --END-- [ RunTime:0.002000s ]
SQL: SHOW COLUMNS FROM `it_admin` [ RunTime:0.0100s ]
SQL: SHOW COLUMNS FROM `it_category` [ RunTime:0.0080s ]
SQL: SELECT `model_id`,`list_temp`,`content_temp` FROM `it_category` WHERE `id` = 31 LIMIT 1   [ RunTime:0.0010s ]
INFO: [ app_end ] --START--
INFO: Run Behavior\ShowPageTraceBehavior [ RunTime:0.003001s ]
INFO: [ app_end ] --END-- [ RunTime:0.003001s ]

[ 2016-01-17T12:23:44+08:00 ] 127.0.0.1 /index.php/Admin/Category/ajaxGetCatInfo/catid/31
INFO: [ app_begin ] --START--
INFO: Run Behavior\ReadHtmlCacheBehavior [ RunTime:0.001000s ]
INFO: [ app_begin ] --END-- [ RunTime:0.002000s ]
SQL: SHOW COLUMNS FROM `it_admin` [ RunTime:0.0090s ]
SQL: SHOW COLUMNS FROM `it_category` [ RunTime:0.0090s ]
SQL: SELECT `model_id`,`list_temp`,`content_temp` FROM `it_category` WHERE `id` = 31 LIMIT 1   [ RunTime:0.0010s ]
INFO: [ app_end ] --START--
INFO: Run Behavior\ShowPageTraceBehavior [ RunTime:0.001000s ]
INFO: [ app_end ] --END-- [ RunTime:0.002000s ]

[ 2016-01-17T12:23:54+08:00 ] 127.0.0.1 /index.php/Admin/Category/ajaxGetCatInfo/catid/31
INFO: [ app_begin ] --START--
INFO: Run Behavior\ReadHtmlCacheBehavior [ RunTime:0.001000s ]
INFO: [ app_begin ] --END-- [ RunTime:0.005000s ]
SQL: SHOW COLUMNS FROM `it_admin` [ RunTime:0.0070s ]
SQL: SHOW COLUMNS FROM `it_category` [ RunTime:0.0080s ]
SQL: SELECT `model_id`,`list_temp`,`content_temp` FROM `it_category` WHERE `id` = 31 LIMIT 1   [ RunTime:0.0010s ]
INFO: [ app_end ] --START--
INFO: Run Behavior\ShowPageTraceBehavior [ RunTime:0.002000s ]
INFO: [ app_end ] --END-- [ RunTime:0.002000s ]

