[ 2016-02-02T15:25:13+08:00 ] 127.0.0.1 /index.php/Home/index/css/font-awesome.min.css
ERR: 非法操作:css

[ 2016-02-02T15:25:13+08:00 ] 127.0.0.1 /index.php/Home/index/css/owl.carousel.css
ERR: 非法操作:css

[ 2016-02-02T15:25:13+08:00 ] 127.0.0.1 /index.php/Home/index/css/slit-slider.css
ERR: 非法操作:css

[ 2016-02-02T15:25:13+08:00 ] 127.0.0.1 /index.php/Home/index/css/animate.css
ERR: 非法操作:css

[ 2016-02-02T15:25:13+08:00 ] 127.0.0.1 /index.php/Home/index/css/component.css
ERR: 非法操作:css

[ 2016-02-02T15:25:13+08:00 ] 127.0.0.1 /index.php/Home/index/css/bootstrap.min.css
ERR: 非法操作:css

[ 2016-02-02T15:25:13+08:00 ] 127.0.0.1 /index.php/Home/index/css/main.css
ERR: 非法操作:css

[ 2016-02-02T15:25:13+08:00 ] 127.0.0.1 /index.php/Home/index/js/jquery-1.11.0.min.js
ERR: 非法操作:js

[ 2016-02-02T15:25:13+08:00 ] 127.0.0.1 /index.php/Home/index/css/media-queries.css
ERR: 非法操作:css

[ 2016-02-02T15:25:13+08:00 ] 127.0.0.1 /index.php/Home/index/js/modernizr-2.6.2.min.js
ERR: 非法操作:js

[ 2016-02-02T15:25:13+08:00 ] 127.0.0.1 /index.php/Home/index/js/bootstrap.min.js
ERR: 非法操作:js

[ 2016-02-02T15:25:13+08:00 ] 127.0.0.1 /index.php/Home/index/js/jquery.slitslider.js
ERR: 非法操作:js

[ 2016-02-02T15:25:13+08:00 ] 127.0.0.1 /index.php/Home/index/js/jquery.ba-cond.min.js
ERR: 非法操作:js

[ 2016-02-02T15:25:13+08:00 ] 127.0.0.1 /index.php/Home/index/js/jquery.parallax-1.1.3.js
ERR: 非法操作:js

[ 2016-02-02T15:25:13+08:00 ] 127.0.0.1 /index.php/Home/index/js/owl.carousel.min.js
ERR: 非法操作:js

[ 2016-02-02T15:25:13+08:00 ] 127.0.0.1 /index.php/Home/index/js/jquery.appear.js
ERR: 非法操作:js

[ 2016-02-02T15:25:13+08:00 ] 127.0.0.1 /index.php/Home/index/js/easyPieChart.js
ERR: 非法操作:js

[ 2016-02-02T15:25:13+08:00 ] 127.0.0.1 /index.php/Home/index/js/jquery.easing-1.3.pack.js
ERR: 非法操作:js

[ 2016-02-02T15:25:13+08:00 ] 127.0.0.1 /index.php/Home/index/js/jquery.nicescroll.min.js
ERR: 非法操作:js

[ 2016-02-02T15:25:13+08:00 ] 127.0.0.1 /index.php/Home/index/js/jquery.mixitup.min.js
ERR: 非法操作:js

[ 2016-02-02T15:25:13+08:00 ] 127.0.0.1 /index.php/Home/index/js/tweetie.min.js
ERR: 非法操作:js

[ 2016-02-02T15:25:13+08:00 ] 127.0.0.1 /index.php/Home/index/js/jquery.nav.js
ERR: 非法操作:js

[ 2016-02-02T15:25:13+08:00 ] 127.0.0.1 /index.php/Home/index/js/wow.min.js
ERR: 非法操作:js

[ 2016-02-02T15:25:13+08:00 ] 127.0.0.1 /index.php/Home/index/js/jquery.sticky.js
ERR: 非法操作:js

[ 2016-02-02T15:25:13+08:00 ] 127.0.0.1 /index.php/Home/index/js/jquery.countTo.js
ERR: 非法操作:js

[ 2016-02-02T15:25:13+08:00 ] 127.0.0.1 /index.php/Home/index/js/jquery.fitvids.js
ERR: 非法操作:js

[ 2016-02-02T15:25:13+08:00 ] 127.0.0.1 /index.php/Home/index/js/grid.js
ERR: 非法操作:js

[ 2016-02-02T15:25:13+08:00 ] 127.0.0.1 /index.php/Home/index/js/custom.js
ERR: 非法操作:js

[ 2016-02-02T15:26:21+08:00 ] 127.0.0.1 /index.php/Home/index/js/jquery-1.11.0.min.js
ERR: 非法操作:js

[ 2016-02-02T15:26:21+08:00 ] 127.0.0.1 /index.php/Home/index/js/jquery.slitslider.js
ERR: 非法操作:js

[ 2016-02-02T15:26:21+08:00 ] 127.0.0.1 /index.php/Home/index/js/bootstrap.min.js
ERR: 非法操作:js

[ 2016-02-02T15:26:21+08:00 ] 127.0.0.1 /index.php/Home/index/js/jquery.parallax-1.1.3.js
ERR: 非法操作:js

[ 2016-02-02T15:26:21+08:00 ] 127.0.0.1 /index.php/Home/index/js/jquery.appear.js
ERR: 非法操作:js

[ 2016-02-02T15:26:21+08:00 ] 127.0.0.1 /index.php/Home/index/js/jquery.ba-cond.min.js
ERR: 非法操作:js

[ 2016-02-02T15:26:21+08:00 ] 127.0.0.1 /index.php/Home/index/js/jquery.nicescroll.min.js
ERR: 非法操作:js

[ 2016-02-02T15:26:21+08:00 ] 127.0.0.1 /index.php/Home/index/js/jquery.mixitup.min.js
ERR: 非法操作:js

[ 2016-02-02T15:26:21+08:00 ] 127.0.0.1 /index.php/Home/index/js/easyPieChart.js
ERR: 非法操作:js

[ 2016-02-02T15:26:21+08:00 ] 127.0.0.1 /index.php/Home/index/js/tweetie.min.js
ERR: 非法操作:js

[ 2016-02-02T15:26:21+08:00 ] 127.0.0.1 /index.php/Home/index/js/owl.carousel.min.js
ERR: 非法操作:js

[ 2016-02-02T15:26:21+08:00 ] 127.0.0.1 /index.php/Home/index/js/jquery.nav.js
ERR: 非法操作:js

[ 2016-02-02T15:26:22+08:00 ] 127.0.0.1 /index.php/Home/index/js/jquery.easing-1.3.pack.js
ERR: 非法操作:js

[ 2016-02-02T15:26:22+08:00 ] 127.0.0.1 /index.php/Home/index/js/jquery.sticky.js
ERR: 非法操作:js

[ 2016-02-02T15:26:22+08:00 ] 127.0.0.1 /index.php/Home/index/js/grid.js
ERR: 非法操作:js

[ 2016-02-02T15:26:22+08:00 ] 127.0.0.1 /index.php/Home/index/js/custom.js
ERR: 非法操作:js

[ 2016-02-02T15:26:22+08:00 ] 127.0.0.1 /index.php/Home/index/js/jquery.countTo.js
ERR: 非法操作:js

[ 2016-02-02T15:26:22+08:00 ] 127.0.0.1 /index.php/Home/index/js/wow.min.js
ERR: 非法操作:js

[ 2016-02-02T15:26:22+08:00 ] 127.0.0.1 /index.php/Home/index/js/jquery.fitvids.js
ERR: 非法操作:js

[ 2016-02-02T15:37:56+08:00 ] 127.0.0.1 /index.php/Home/index/api/tweet.php?username=&list=&hashtag=&count=1&exclude_replies=false
INFO: [ app_begin ] --START--
INFO: Run Behavior\ReadHtmlCacheBehavior [ RunTime:0.001000s ]
INFO: [ app_begin ] --END-- [ RunTime:0.002000s ]
ERR: 非法操作:api

[ 2016-02-02T15:38:34+08:00 ] 127.0.0.1 /index.php/Home/Index/api/tweet.php?username=&list=&hashtag=&count=1&exclude_replies=false
INFO: [ app_begin ] --START--
INFO: Run Behavior\ReadHtmlCacheBehavior [ RunTime:0.001000s ]
INFO: [ app_begin ] --END-- [ RunTime:0.002000s ]
ERR: 非法操作:api

[ 2016-02-02T15:41:01+08:00 ] 127.0.0.1 /index.php/Home/Index/api/tweet.php?username=&list=&hashtag=&count=1&exclude_replies=false
INFO: [ app_begin ] --START--
INFO: Run Behavior\ReadHtmlCacheBehavior [ RunTime:0.002000s ]
INFO: [ app_begin ] --END-- [ RunTime:0.003000s ]
ERR: 非法操作:api

[ 2016-02-02T15:41:06+08:00 ] 127.0.0.1 /index.php/Home/Index/api/tweet.php?username=&list=&hashtag=&count=1&exclude_replies=false
INFO: [ app_begin ] --START--
INFO: Run Behavior\ReadHtmlCacheBehavior [ RunTime:0.002000s ]
INFO: [ app_begin ] --END-- [ RunTime:0.003000s ]
ERR: 非法操作:api

[ 2016-02-02T15:42:41+08:00 ] 127.0.0.1 /index.php/Home/index/api/tweet.php?username=&list=&hashtag=&count=1&exclude_replies=false
INFO: [ app_begin ] --START--
INFO: Run Behavior\ReadHtmlCacheBehavior [ RunTime:0.002000s ]
INFO: [ app_begin ] --END-- [ RunTime:0.003000s ]
ERR: 非法操作:api

[ 2016-02-02T15:43:27+08:00 ] 127.0.0.1 /index.php/Home/index/api/tweet.php?username=&list=&hashtag=&count=1&exclude_replies=false
INFO: [ app_begin ] --START--
INFO: Run Behavior\ReadHtmlCacheBehavior [ RunTime:0.001000s ]
INFO: [ app_begin ] --END-- [ RunTime:0.002000s ]
ERR: 非法操作:api

[ 2016-02-02T15:44:01+08:00 ] 127.0.0.1 /index.php/Home/index/api/tweet.php?username=&list=&hashtag=&count=1&exclude_replies=false
INFO: [ app_begin ] --START--
INFO: Run Behavior\ReadHtmlCacheBehavior [ RunTime:0.002001s ]
INFO: [ app_begin ] --END-- [ RunTime:0.003001s ]
ERR: 非法操作:api

[ 2016-02-02T15:44:08+08:00 ] 127.0.0.1 /index.php/Home/index/api/tweet.php?username=&list=&hashtag=&count=1&exclude_replies=false
INFO: [ app_begin ] --START--
INFO: Run Behavior\ReadHtmlCacheBehavior [ RunTime:0.003000s ]
INFO: [ app_begin ] --END-- [ RunTime:0.004000s ]
ERR: 非法操作:api

[ 2016-02-02T15:44:59+08:00 ] 127.0.0.1 /index.php/Home/index/api/tweet.php?username=&list=&hashtag=&count=1&exclude_replies=false
INFO: [ app_begin ] --START--
INFO: Run Behavior\ReadHtmlCacheBehavior [ RunTime:0.002000s ]
INFO: [ app_begin ] --END-- [ RunTime:0.003000s ]
ERR: 非法操作:api

[ 2016-02-02T15:46:30+08:00 ] 127.0.0.1 /index.php/Home/index/api/tweet.php?username=&list=&hashtag=&count=1&exclude_replies=false
INFO: [ app_begin ] --START--
INFO: Run Behavior\ReadHtmlCacheBehavior [ RunTime:0.002000s ]
INFO: [ app_begin ] --END-- [ RunTime:0.002000s ]
ERR: 非法操作:api

[ 2016-02-02T15:47:08+08:00 ] 127.0.0.1 /index.php/Home/index/api/tweet.php?username=&list=&hashtag=&count=1&exclude_replies=false
INFO: [ app_begin ] --START--
INFO: Run Behavior\ReadHtmlCacheBehavior [ RunTime:0.002000s ]
INFO: [ app_begin ] --END-- [ RunTime:0.003000s ]
ERR: 非法操作:api

[ 2016-02-02T15:47:24+08:00 ] 127.0.0.1 /index.php/Home/Index/api/tweet.php?username=&list=&hashtag=&count=1&exclude_replies=false
INFO: [ app_begin ] --START--
INFO: Run Behavior\ReadHtmlCacheBehavior [ RunTime:0.002000s ]
INFO: [ app_begin ] --END-- [ RunTime:0.003000s ]
ERR: 非法操作:api

[ 2016-02-02T15:47:46+08:00 ] 127.0.0.1 /index.php/Home/Index/api/tweet.php?username=&list=&hashtag=&count=1&exclude_replies=false
INFO: [ app_begin ] --START--
INFO: Run Behavior\ReadHtmlCacheBehavior [ RunTime:0.002000s ]
INFO: [ app_begin ] --END-- [ RunTime:0.003000s ]
ERR: 非法操作:api

[ 2016-02-02T15:47:55+08:00 ] 127.0.0.1 /index.php/Home/Index/api/tweet.php?username=&list=&hashtag=&count=1&exclude_replies=false
INFO: [ app_begin ] --START--
INFO: Run Behavior\ReadHtmlCacheBehavior [ RunTime:0.001000s ]
INFO: [ app_begin ] --END-- [ RunTime:0.002001s ]
ERR: 非法操作:api

[ 2016-02-02T15:48:22+08:00 ] 127.0.0.1 /index.php/Home/Index/api/tweet.php?username=&list=&hashtag=&count=1&exclude_replies=false
INFO: [ app_begin ] --START--
INFO: Run Behavior\ReadHtmlCacheBehavior [ RunTime:0.008000s ]
INFO: [ app_begin ] --END-- [ RunTime:0.013001s ]
ERR: 非法操作:api

[ 2016-02-02T15:49:47+08:00 ] 127.0.0.1 /index.php/Home/Index/api/tweet.php?username=&list=&hashtag=&count=1&exclude_replies=false
INFO: [ app_begin ] --START--
INFO: Run Behavior\ReadHtmlCacheBehavior [ RunTime:0.002000s ]
INFO: [ app_begin ] --END-- [ RunTime:0.003000s ]
ERR: 非法操作:api

[ 2016-02-02T15:49:52+08:00 ] 127.0.0.1 /index.php/Home/Index/api/tweet.php?username=&list=&hashtag=&count=1&exclude_replies=false
INFO: [ app_begin ] --START--
INFO: Run Behavior\ReadHtmlCacheBehavior [ RunTime:0.001000s ]
INFO: [ app_begin ] --END-- [ RunTime:0.003000s ]
ERR: 非法操作:api

[ 2016-02-02T15:50:41+08:00 ] 127.0.0.1 /index.php/Home/Index/body-about
ERR: 非法操作:body-about

[ 2016-02-02T15:50:44+08:00 ] 127.0.0.1 /index.php/Home/Index/api/tweet.php?username=&list=&hashtag=&count=1&exclude_replies=false
INFO: [ app_begin ] --START--
INFO: Run Behavior\ReadHtmlCacheBehavior [ RunTime:0.001000s ]
INFO: [ app_begin ] --END-- [ RunTime:0.002000s ]
ERR: 非法操作:api

[ 2016-02-02T15:50:46+08:00 ] 127.0.0.1 /index.php/Home/Index/api/tweet.php?username=&list=&hashtag=&count=1&exclude_replies=false
INFO: [ app_begin ] --START--
INFO: Run Behavior\ReadHtmlCacheBehavior [ RunTime:0.002000s ]
INFO: [ app_begin ] --END-- [ RunTime:0.003000s ]
ERR: 非法操作:api

[ 2016-02-02T15:50:48+08:00 ] 127.0.0.1 /index.php/Home/Index/api/tweet.php?username=&list=&hashtag=&count=1&exclude_replies=false
INFO: [ app_begin ] --START--
INFO: Run Behavior\ReadHtmlCacheBehavior [ RunTime:0.002000s ]
INFO: [ app_begin ] --END-- [ RunTime:0.004001s ]
ERR: 非法操作:api

[ 2016-02-02T15:51:22+08:00 ] 127.0.0.1 /index.php/Home/Index/index/api/tweet.php?username=&list=&hashtag=&count=1&exclude_replies=false
INFO: [ app_begin ] --START--
INFO: Run Behavior\ReadHtmlCacheBehavior [ RunTime:0.003000s ]
INFO: [ app_begin ] --END-- [ RunTime:0.005000s ]
INFO: [ view_parse ] --START--
INFO: [ template_filter ] --START--
INFO: Run Behavior\ContentReplaceBehavior [ RunTime:0.000000s ]
INFO: [ template_filter ] --END-- [ RunTime:0.000000s ]
INFO: Run Behavior\ParseTemplateBehavior [ RunTime:0.024001s ]
INFO: [ view_parse ] --END-- [ RunTime:0.024001s ]
INFO: [ view_filter ] --START--
INFO: Run Behavior\WriteHtmlCacheBehavior [ RunTime:0.002000s ]
INFO: [ view_filter ] --END-- [ RunTime:0.002000s ]
INFO: [ app_end ] --START--
INFO: Run Behavior\ShowPageTraceBehavior [ RunTime:0.002000s ]
INFO: [ app_end ] --END-- [ RunTime:0.002000s ]

[ 2016-02-02T15:51:23+08:00 ] 127.0.0.1 /index.php/Home/Index/api/tweet.php?username=&list=&hashtag=&count=1&exclude_replies=false
INFO: [ app_begin ] --START--
INFO: Run Behavior\ReadHtmlCacheBehavior [ RunTime:0.002000s ]
INFO: [ app_begin ] --END-- [ RunTime:0.004000s ]
ERR: 非法操作:api

[ 2016-02-02T15:52:28+08:00 ] 127.0.0.1 /index.php/Home/Index/api/tweet.php?username=&list=&hashtag=&count=1&exclude_replies=false
INFO: [ app_begin ] --START--
INFO: Run Behavior\ReadHtmlCacheBehavior [ RunTime:0.001000s ]
INFO: [ app_begin ] --END-- [ RunTime:0.002000s ]
ERR: 非法操作:api

[ 2016-02-02T15:54:35+08:00 ] 127.0.0.1 /index.php/Home/Index/api/tweet.php?username=&list=&hashtag=&count=1&exclude_replies=false
INFO: [ app_begin ] --START--
INFO: Run Behavior\ReadHtmlCacheBehavior [ RunTime:0.001001s ]
INFO: [ app_begin ] --END-- [ RunTime:0.002001s ]
ERR: 非法操作:api

[ 2016-02-02T15:54:43+08:00 ] 127.0.0.1 /index.php/Home/Index/api/tweet.php?username=&list=&hashtag=&count=1&exclude_replies=false
INFO: [ app_begin ] --START--
INFO: Run Behavior\ReadHtmlCacheBehavior [ RunTime:0.002000s ]
INFO: [ app_begin ] --END-- [ RunTime:0.003000s ]
ERR: 非法操作:api

[ 2016-02-02T15:54:48+08:00 ] 127.0.0.1 /index.php/Home/Index/api/tweet.php?username=&list=&hashtag=&count=1&exclude_replies=false
INFO: [ app_begin ] --START--
INFO: Run Behavior\ReadHtmlCacheBehavior [ RunTime:0.002000s ]
INFO: [ app_begin ] --END-- [ RunTime:0.003000s ]
ERR: 非法操作:api

[ 2016-02-02T15:55:58+08:00 ] 127.0.0.1 /index.php/Home/Index/api/tweet.php?username=&list=&hashtag=&count=1&exclude_replies=false
INFO: [ app_begin ] --START--
INFO: Run Behavior\ReadHtmlCacheBehavior [ RunTime:0.001000s ]
INFO: [ app_begin ] --END-- [ RunTime:0.002001s ]
ERR: 非法操作:api

[ 2016-02-02T15:58:35+08:00 ] 127.0.0.1 /index.php/Home/Index/api/tweet.php?username=&list=&hashtag=&count=1&exclude_replies=false
INFO: [ app_begin ] --START--
INFO: Run Behavior\ReadHtmlCacheBehavior [ RunTime:0.003001s ]
INFO: [ app_begin ] --END-- [ RunTime:0.004001s ]
ERR: 非法操作:api

[ 2016-02-02T15:58:40+08:00 ] 127.0.0.1 /index.php/Home/Index/api/tweet.php?username=&list=&hashtag=&count=1&exclude_replies=false
INFO: [ app_begin ] --START--
INFO: Run Behavior\ReadHtmlCacheBehavior [ RunTime:0.002001s ]
INFO: [ app_begin ] --END-- [ RunTime:0.002001s ]
ERR: 非法操作:api

[ 2016-02-02T15:58:58+08:00 ] 127.0.0.1 /index.php/Home/Index/api/tweet.php?username=&list=&hashtag=&count=1&exclude_replies=false
INFO: [ app_begin ] --START--
INFO: Run Behavior\ReadHtmlCacheBehavior [ RunTime:0.002000s ]
INFO: [ app_begin ] --END-- [ RunTime:0.004000s ]
ERR: 非法操作:api

[ 2016-02-02T15:58:59+08:00 ] 127.0.0.1 /index.php/Home/Index/api/tweet.php?username=&list=&hashtag=&count=1&exclude_replies=false
INFO: [ app_begin ] --START--
INFO: Run Behavior\ReadHtmlCacheBehavior [ RunTime:0.002000s ]
INFO: [ app_begin ] --END-- [ RunTime:0.004000s ]
ERR: 非法操作:api

[ 2016-02-02T15:59:02+08:00 ] 127.0.0.1 /index.php/Home/Index/api/tweet.php?username=&list=&hashtag=&count=1&exclude_replies=false
INFO: [ app_begin ] --START--
INFO: Run Behavior\ReadHtmlCacheBehavior [ RunTime:0.001000s ]
INFO: [ app_begin ] --END-- [ RunTime:0.002001s ]
ERR: 非法操作:api

[ 2016-02-02T15:59:09+08:00 ] 127.0.0.1 /index.php/Home/Index/api/tweet.php?username=&list=&hashtag=&count=1&exclude_replies=false
INFO: [ app_begin ] --START--
INFO: Run Behavior\ReadHtmlCacheBehavior [ RunTime:0.001000s ]
INFO: [ app_begin ] --END-- [ RunTime:0.003000s ]
ERR: 非法操作:api

[ 2016-02-02T15:59:27+08:00 ] 127.0.0.1 /index.php/Home/Index/api/tweet.php?username=&list=&hashtag=&count=1&exclude_replies=false
INFO: [ app_begin ] --START--
INFO: Run Behavior\ReadHtmlCacheBehavior [ RunTime:0.002000s ]
INFO: [ app_begin ] --END-- [ RunTime:0.003000s ]
ERR: 非法操作:api

[ 2016-02-02T16:02:12+08:00 ] 127.0.0.1 /index.php/Home/Index/api/tweet.php?username=&list=&hashtag=&count=1&exclude_replies=false
INFO: [ app_begin ] --START--
INFO: Run Behavior\ReadHtmlCacheBehavior [ RunTime:0.002000s ]
INFO: [ app_begin ] --END-- [ RunTime:0.003000s ]
ERR: 非法操作:api

[ 2016-02-02T16:02:14+08:00 ] 127.0.0.1 /index.php/Home/Index/api/tweet.php?username=&list=&hashtag=&count=1&exclude_replies=false
INFO: [ app_begin ] --START--
INFO: Run Behavior\ReadHtmlCacheBehavior [ RunTime:0.002000s ]
INFO: [ app_begin ] --END-- [ RunTime:0.003000s ]
ERR: 非法操作:api

[ 2016-02-02T16:04:20+08:00 ] 127.0.0.1 /index.php/Home/Index/api/tweet.php?username=&list=&hashtag=&count=1&exclude_replies=false
INFO: [ app_begin ] --START--
INFO: Run Behavior\ReadHtmlCacheBehavior [ RunTime:0.002000s ]
INFO: [ app_begin ] --END-- [ RunTime:0.004000s ]
ERR: 非法操作:api

[ 2016-02-02T16:04:23+08:00 ] 127.0.0.1 /index.php/Home/Index/api/tweet.php?username=&list=&hashtag=&count=1&exclude_replies=false
INFO: [ app_begin ] --START--
INFO: Run Behavior\ReadHtmlCacheBehavior [ RunTime:0.002000s ]
INFO: [ app_begin ] --END-- [ RunTime:0.003000s ]
ERR: 非法操作:api

[ 2016-02-02T16:04:58+08:00 ] 127.0.0.1 /index.php/Home/Index/api/tweet.php?username=&list=&hashtag=&count=1&exclude_replies=false
INFO: [ app_begin ] --START--
INFO: Run Behavior\ReadHtmlCacheBehavior [ RunTime:0.007001s ]
INFO: [ app_begin ] --END-- [ RunTime:0.009001s ]
ERR: 非法操作:api

[ 2016-02-02T16:05:05+08:00 ] 127.0.0.1 /index.php/Home/Index/api/tweet.php?username=&list=&hashtag=&count=1&exclude_replies=false
INFO: [ app_begin ] --START--
INFO: Run Behavior\ReadHtmlCacheBehavior [ RunTime:0.002000s ]
INFO: [ app_begin ] --END-- [ RunTime:0.003001s ]
ERR: 非法操作:api

[ 2016-02-02T16:07:31+08:00 ] 127.0.0.1 /index.php/Home/Index/api/tweet.php?username=&list=&hashtag=&count=1&exclude_replies=false
INFO: [ app_begin ] --START--
INFO: Run Behavior\ReadHtmlCacheBehavior [ RunTime:0.002000s ]
INFO: [ app_begin ] --END-- [ RunTime:0.003000s ]
ERR: 非法操作:api

[ 2016-02-02T16:07:34+08:00 ] 127.0.0.1 /index.php/Home/Index/api/tweet.php?username=&list=&hashtag=&count=1&exclude_replies=false
INFO: [ app_begin ] --START--
INFO: Run Behavior\ReadHtmlCacheBehavior [ RunTime:0.001000s ]
INFO: [ app_begin ] --END-- [ RunTime:0.003000s ]
ERR: 非法操作:api

[ 2016-02-02T16:07:52+08:00 ] 127.0.0.1 /index.php/Home/Index/api/tweet.php?username=&list=&hashtag=&count=1&exclude_replies=false
INFO: [ app_begin ] --START--
INFO: Run Behavior\ReadHtmlCacheBehavior [ RunTime:0.002000s ]
INFO: [ app_begin ] --END-- [ RunTime:0.003000s ]
ERR: 非法操作:api

[ 2016-02-02T16:07:55+08:00 ] 127.0.0.1 /index.php/Home/Index/api/tweet.php?username=&list=&hashtag=&count=1&exclude_replies=false
INFO: [ app_begin ] --START--
INFO: Run Behavior\ReadHtmlCacheBehavior [ RunTime:0.001000s ]
INFO: [ app_begin ] --END-- [ RunTime:0.003000s ]
ERR: 非法操作:api

[ 2016-02-02T16:07:57+08:00 ] 127.0.0.1 /index.php/Home/Index/api/tweet.php?username=&list=&hashtag=&count=1&exclude_replies=false
INFO: [ app_begin ] --START--
INFO: Run Behavior\ReadHtmlCacheBehavior [ RunTime:0.001000s ]
INFO: [ app_begin ] --END-- [ RunTime:0.002000s ]
ERR: 非法操作:api

[ 2016-02-02T16:08:02+08:00 ] 127.0.0.1 /index.php/Home/Index/api/tweet.php?username=&list=&hashtag=&count=1&exclude_replies=false
INFO: [ app_begin ] --START--
INFO: Run Behavior\ReadHtmlCacheBehavior [ RunTime:0.003000s ]
INFO: [ app_begin ] --END-- [ RunTime:0.004000s ]
ERR: 非法操作:api

[ 2016-02-02T16:08:17+08:00 ] 127.0.0.1 /index.php/Home/Index/api/tweet.php?username=&list=&hashtag=&count=1&exclude_replies=false
INFO: [ app_begin ] --START--
INFO: Run Behavior\ReadHtmlCacheBehavior [ RunTime:0.001000s ]
INFO: [ app_begin ] --END-- [ RunTime:0.003000s ]
ERR: 非法操作:api

[ 2016-02-02T16:09:02+08:00 ] 127.0.0.1 /index.php/Home/Index/api/tweet.php?username=&list=&hashtag=&count=1&exclude_replies=false
INFO: [ app_begin ] --START--
INFO: Run Behavior\ReadHtmlCacheBehavior [ RunTime:0.002001s ]
INFO: [ app_begin ] --END-- [ RunTime:0.003001s ]
ERR: 非法操作:api

[ 2016-02-02T16:09:11+08:00 ] 127.0.0.1 /index.php/Home/Index/api/tweet.php?username=&list=&hashtag=&count=1&exclude_replies=false
INFO: [ app_begin ] --START--
INFO: Run Behavior\ReadHtmlCacheBehavior [ RunTime:0.001000s ]
INFO: [ app_begin ] --END-- [ RunTime:0.002000s ]
ERR: 非法操作:api

[ 2016-02-02T16:09:56+08:00 ] 127.0.0.1 /index.php/Home/Index/api/tweet.php?username=&list=&hashtag=&count=1&exclude_replies=false
INFO: [ app_begin ] --START--
INFO: Run Behavior\ReadHtmlCacheBehavior [ RunTime:0.001000s ]
INFO: [ app_begin ] --END-- [ RunTime:0.002000s ]
ERR: 非法操作:api

[ 2016-02-02T16:10:03+08:00 ] 127.0.0.1 /index.php/Home/Index/api/tweet.php?username=&list=&hashtag=&count=1&exclude_replies=false
INFO: [ app_begin ] --START--
INFO: Run Behavior\ReadHtmlCacheBehavior [ RunTime:0.001000s ]
INFO: [ app_begin ] --END-- [ RunTime:0.002000s ]
ERR: 非法操作:api

[ 2016-02-02T16:10:05+08:00 ] 127.0.0.1 /index.php/Home/Index/api/tweet.php?username=&list=&hashtag=&count=1&exclude_replies=false
INFO: [ app_begin ] --START--
INFO: Run Behavior\ReadHtmlCacheBehavior [ RunTime:0.001001s ]
INFO: [ app_begin ] --END-- [ RunTime:0.004001s ]
ERR: 非法操作:api

[ 2016-02-02T16:10:11+08:00 ] 127.0.0.1 /index.php/Home/Index/api/tweet.php?username=&list=&hashtag=&count=1&exclude_replies=false
INFO: [ app_begin ] --START--
INFO: Run Behavior\ReadHtmlCacheBehavior [ RunTime:0.002000s ]
INFO: [ app_begin ] --END-- [ RunTime:0.003000s ]
ERR: 非法操作:api

[ 2016-02-02T16:10:16+08:00 ] 127.0.0.1 /index.php/Home/Index/api/tweet.php?username=&list=&hashtag=&count=1&exclude_replies=false
INFO: [ app_begin ] --START--
INFO: Run Behavior\ReadHtmlCacheBehavior [ RunTime:0.001000s ]
INFO: [ app_begin ] --END-- [ RunTime:0.003000s ]
ERR: 非法操作:api

[ 2016-02-02T16:10:20+08:00 ] 127.0.0.1 /index.php/Home/Index/api/tweet.php?username=&list=&hashtag=&count=1&exclude_replies=false
INFO: [ app_begin ] --START--
INFO: Run Behavior\ReadHtmlCacheBehavior [ RunTime:0.002000s ]
INFO: [ app_begin ] --END-- [ RunTime:0.003000s ]
ERR: 非法操作:api

[ 2016-02-02T16:10:28+08:00 ] 127.0.0.1 /index.php/Home/Index/api/tweet.php?username=&list=&hashtag=&count=1&exclude_replies=false
INFO: [ app_begin ] --START--
INFO: Run Behavior\ReadHtmlCacheBehavior [ RunTime:0.001000s ]
INFO: [ app_begin ] --END-- [ RunTime:0.003000s ]
ERR: 非法操作:api

[ 2016-02-02T16:10:52+08:00 ] 127.0.0.1 /index.php/Home/Index/api/tweet.php?username=&list=&hashtag=&count=1&exclude_replies=false
INFO: [ app_begin ] --START--
INFO: Run Behavior\ReadHtmlCacheBehavior [ RunTime:0.003000s ]
INFO: [ app_begin ] --END-- [ RunTime:0.004000s ]
ERR: 非法操作:api

[ 2016-02-02T16:11:09+08:00 ] 127.0.0.1 /index.php/Home/Index/api/tweet.php?username=&list=&hashtag=&count=1&exclude_replies=false
INFO: [ app_begin ] --START--
INFO: Run Behavior\ReadHtmlCacheBehavior [ RunTime:0.001000s ]
INFO: [ app_begin ] --END-- [ RunTime:0.002000s ]
ERR: 非法操作:api

[ 2016-02-02T16:11:53+08:00 ] 127.0.0.1 /index.php/Home/Index/api/tweet.php?username=&list=&hashtag=&count=1&exclude_replies=false
INFO: [ app_begin ] --START--
INFO: Run Behavior\ReadHtmlCacheBehavior [ RunTime:0.002000s ]
INFO: [ app_begin ] --END-- [ RunTime:0.003000s ]
ERR: 非法操作:api

[ 2016-02-02T16:11:54+08:00 ] 127.0.0.1 /index.php/Home/Index/api/tweet.php?username=&list=&hashtag=&count=1&exclude_replies=false
INFO: [ app_begin ] --START--
INFO: Run Behavior\ReadHtmlCacheBehavior [ RunTime:0.002000s ]
INFO: [ app_begin ] --END-- [ RunTime:0.003000s ]
ERR: 非法操作:api

[ 2016-02-02T16:12:01+08:00 ] 127.0.0.1 /index.php/Home/Index/api/tweet.php?username=&list=&hashtag=&count=1&exclude_replies=false
INFO: [ app_begin ] --START--
INFO: Run Behavior\ReadHtmlCacheBehavior [ RunTime:0.002000s ]
INFO: [ app_begin ] --END-- [ RunTime:0.003000s ]
ERR: 非法操作:api

[ 2016-02-02T16:12:22+08:00 ] 127.0.0.1 /index.php/Home/Index/api/tweet.php?username=&list=&hashtag=&count=1&exclude_replies=false
INFO: [ app_begin ] --START--
INFO: Run Behavior\ReadHtmlCacheBehavior [ RunTime:0.002000s ]
INFO: [ app_begin ] --END-- [ RunTime:0.003000s ]
ERR: 非法操作:api

[ 2016-02-02T16:12:24+08:00 ] 127.0.0.1 /index.php/Home/Index/api/tweet.php?username=&list=&hashtag=&count=1&exclude_replies=false
INFO: [ app_begin ] --START--
INFO: Run Behavior\ReadHtmlCacheBehavior [ RunTime:0.001000s ]
INFO: [ app_begin ] --END-- [ RunTime:0.002000s ]
ERR: 非法操作:api

[ 2016-02-02T16:13:57+08:00 ] 127.0.0.1 /index.php/Home/Index/api/tweet.php?username=&list=&hashtag=&count=1&exclude_replies=false
INFO: [ app_begin ] --START--
INFO: Run Behavior\ReadHtmlCacheBehavior [ RunTime:0.002000s ]
INFO: [ app_begin ] --END-- [ RunTime:0.003000s ]
ERR: 非法操作:api

[ 2016-02-02T16:14:00+08:00 ] 127.0.0.1 /index.php/Home/Index/api/tweet.php?username=&list=&hashtag=&count=1&exclude_replies=false
INFO: [ app_begin ] --START--
INFO: Run Behavior\ReadHtmlCacheBehavior [ RunTime:0.002000s ]
INFO: [ app_begin ] --END-- [ RunTime:0.003000s ]
ERR: 非法操作:api

[ 2016-02-02T16:14:03+08:00 ] 127.0.0.1 /index.php/Home/Index/api/tweet.php?username=&list=&hashtag=&count=1&exclude_replies=false
INFO: [ app_begin ] --START--
INFO: Run Behavior\ReadHtmlCacheBehavior [ RunTime:0.001000s ]
INFO: [ app_begin ] --END-- [ RunTime:0.002000s ]
ERR: 非法操作:api

[ 2016-02-02T16:17:45+08:00 ] 127.0.0.1 /index.php/Home/Index/api/tweet.php?username=&list=&hashtag=&count=1&exclude_replies=false
INFO: [ app_begin ] --START--
INFO: Run Behavior\ReadHtmlCacheBehavior [ RunTime:0.002000s ]
INFO: [ app_begin ] --END-- [ RunTime:0.003000s ]
ERR: 非法操作:api

[ 2016-02-02T16:17:48+08:00 ] 127.0.0.1 /index.php/Home/Index/body
ERR: 非法操作:body

[ 2016-02-02T16:17:52+08:00 ] 127.0.0.1 /index.php/Home/Index/index/api/tweet.php?username=&list=&hashtag=&count=1&exclude_replies=false
INFO: [ app_begin ] --START--
INFO: Run Behavior\ReadHtmlCacheBehavior [ RunTime:0.001000s ]
INFO: [ app_begin ] --END-- [ RunTime:0.002000s ]
INFO: [ view_parse ] --START--
INFO: [ template_filter ] --START--
INFO: Run Behavior\ContentReplaceBehavior [ RunTime:0.000000s ]
INFO: [ template_filter ] --END-- [ RunTime:0.000000s ]
INFO: Run Behavior\ParseTemplateBehavior [ RunTime:0.015001s ]
INFO: [ view_parse ] --END-- [ RunTime:0.015001s ]
INFO: [ view_filter ] --START--
INFO: Run Behavior\WriteHtmlCacheBehavior [ RunTime:0.001000s ]
INFO: [ view_filter ] --END-- [ RunTime:0.001000s ]
INFO: [ app_end ] --START--
INFO: Run Behavior\ShowPageTraceBehavior [ RunTime:0.004000s ]
INFO: [ app_end ] --END-- [ RunTime:0.004000s ]

[ 2016-02-02T16:17:55+08:00 ] 127.0.0.1 /index.php/Home/Index/index/api/tweet.php?username=&list=&hashtag=&count=1&exclude_replies=false
INFO: [ app_begin ] --START--
INFO: Run Behavior\ReadHtmlCacheBehavior [ RunTime:0.002000s ]
INFO: [ app_begin ] --END-- [ RunTime:0.003000s ]
INFO: [ view_parse ] --START--
INFO: [ template_filter ] --START--
INFO: Run Behavior\ContentReplaceBehavior [ RunTime:0.000000s ]
INFO: [ template_filter ] --END-- [ RunTime:0.000000s ]
INFO: Run Behavior\ParseTemplateBehavior [ RunTime:0.023002s ]
INFO: [ view_parse ] --END-- [ RunTime:0.023002s ]
INFO: [ view_filter ] --START--
INFO: Run Behavior\WriteHtmlCacheBehavior [ RunTime:0.001000s ]
INFO: [ view_filter ] --END-- [ RunTime:0.002000s ]
INFO: [ app_end ] --START--
INFO: Run Behavior\ShowPageTraceBehavior [ RunTime:0.003000s ]
INFO: [ app_end ] --END-- [ RunTime:0.003000s ]

[ 2016-02-02T16:17:58+08:00 ] 127.0.0.1 /index.php/Home/Index/index/api/tweet.php?username=&list=&hashtag=&count=1&exclude_replies=false
INFO: [ app_begin ] --START--
INFO: Run Behavior\ReadHtmlCacheBehavior [ RunTime:0.002001s ]
INFO: [ app_begin ] --END-- [ RunTime:0.003001s ]
INFO: [ view_parse ] --START--
INFO: [ template_filter ] --START--
INFO: Run Behavior\ContentReplaceBehavior [ RunTime:0.000000s ]
INFO: [ template_filter ] --END-- [ RunTime:0.000000s ]
INFO: Run Behavior\ParseTemplateBehavior [ RunTime:0.022001s ]
INFO: [ view_parse ] --END-- [ RunTime:0.022001s ]
INFO: [ view_filter ] --START--
INFO: Run Behavior\WriteHtmlCacheBehavior [ RunTime:0.001000s ]
INFO: [ view_filter ] --END-- [ RunTime:0.002000s ]
INFO: [ app_end ] --START--
INFO: Run Behavior\ShowPageTraceBehavior [ RunTime:0.002000s ]
INFO: [ app_end ] --END-- [ RunTime:0.002000s ]

[ 2016-02-02T16:18:00+08:00 ] 127.0.0.1 /index.php/Home/Index/index/api/tweet.php?username=&list=&hashtag=&count=1&exclude_replies=false
INFO: [ app_begin ] --START--
INFO: Run Behavior\ReadHtmlCacheBehavior [ RunTime:0.001000s ]
INFO: [ app_begin ] --END-- [ RunTime:0.002000s ]
INFO: [ view_parse ] --START--
INFO: [ template_filter ] --START--
INFO: Run Behavior\ContentReplaceBehavior [ RunTime:0.001000s ]
INFO: [ template_filter ] --END-- [ RunTime:0.001000s ]
INFO: Run Behavior\ParseTemplateBehavior [ RunTime:0.018001s ]
INFO: [ view_parse ] --END-- [ RunTime:0.018001s ]
INFO: [ view_filter ] --START--
INFO: Run Behavior\WriteHtmlCacheBehavior [ RunTime:0.001000s ]
INFO: [ view_filter ] --END-- [ RunTime:0.001000s ]
INFO: [ app_end ] --START--
INFO: Run Behavior\ShowPageTraceBehavior [ RunTime:0.006001s ]
INFO: [ app_end ] --END-- [ RunTime:0.010001s ]

[ 2016-02-02T16:18:02+08:00 ] 127.0.0.1 /index.php/Home/Index/api/tweet.php?username=&list=&hashtag=&count=1&exclude_replies=false
INFO: [ app_begin ] --START--
INFO: Run Behavior\ReadHtmlCacheBehavior [ RunTime:0.001000s ]
INFO: [ app_begin ] --END-- [ RunTime:0.002000s ]
ERR: 非法操作:api

[ 2016-02-02T16:18:04+08:00 ] 127.0.0.1 /index.php/Home/Index/api/tweet.php?username=&list=&hashtag=&count=1&exclude_replies=false
INFO: [ app_begin ] --START--
INFO: Run Behavior\ReadHtmlCacheBehavior [ RunTime:0.001000s ]
INFO: [ app_begin ] --END-- [ RunTime:0.002000s ]
ERR: 非法操作:api

[ 2016-02-02T16:18:16+08:00 ] 127.0.0.1 /index.php/Home/Index/api/tweet.php?username=&list=&hashtag=&count=1&exclude_replies=false
INFO: [ app_begin ] --START--
INFO: Run Behavior\ReadHtmlCacheBehavior [ RunTime:0.002000s ]
INFO: [ app_begin ] --END-- [ RunTime:0.003000s ]
ERR: 非法操作:api

[ 2016-02-02T16:18:18+08:00 ] 127.0.0.1 /index.php/Home/Index/api/tweet.php?username=&list=&hashtag=&count=1&exclude_replies=false
INFO: [ app_begin ] --START--
INFO: Run Behavior\ReadHtmlCacheBehavior [ RunTime:0.001000s ]
INFO: [ app_begin ] --END-- [ RunTime:0.003001s ]
ERR: 非法操作:api

[ 2016-02-02T16:19:10+08:00 ] 127.0.0.1 /index.php/Home/Index/api/tweet.php?username=&list=&hashtag=&count=1&exclude_replies=false
INFO: [ app_begin ] --START--
INFO: Run Behavior\ReadHtmlCacheBehavior [ RunTime:0.002000s ]
INFO: [ app_begin ] --END-- [ RunTime:0.002000s ]
ERR: 非法操作:api

[ 2016-02-02T16:19:13+08:00 ] 127.0.0.1 /index.php/Home/Index/api/tweet.php?username=&list=&hashtag=&count=1&exclude_replies=false
INFO: [ app_begin ] --START--
INFO: Run Behavior\ReadHtmlCacheBehavior [ RunTime:0.001000s ]
INFO: [ app_begin ] --END-- [ RunTime:0.002000s ]
ERR: 非法操作:api

[ 2016-02-02T16:20:01+08:00 ] 127.0.0.1 /index.php/Home/Index/api/tweet.php?username=&list=&hashtag=&count=1&exclude_replies=false
INFO: [ app_begin ] --START--
INFO: Run Behavior\ReadHtmlCacheBehavior [ RunTime:0.002000s ]
INFO: [ app_begin ] --END-- [ RunTime:0.003000s ]
ERR: 非法操作:api

[ 2016-02-02T16:20:53+08:00 ] 127.0.0.1 /index.php/Home/Index/api/tweet.php?username=&list=&hashtag=&count=1&exclude_replies=false
INFO: [ app_begin ] --START--
INFO: Run Behavior\ReadHtmlCacheBehavior [ RunTime:0.001000s ]
INFO: [ app_begin ] --END-- [ RunTime:0.002000s ]
ERR: 非法操作:api

[ 2016-02-02T16:21:04+08:00 ] 127.0.0.1 /index.php/Home/Index/api/tweet.php?username=&list=&hashtag=&count=1&exclude_replies=false
INFO: [ app_begin ] --START--
INFO: Run Behavior\ReadHtmlCacheBehavior [ RunTime:0.001000s ]
INFO: [ app_begin ] --END-- [ RunTime:0.001000s ]
ERR: 非法操作:api

[ 2016-02-02T16:23:16+08:00 ] 127.0.0.1 /index.php/Home/Index/api/tweet.php?username=&list=&hashtag=&count=1&exclude_replies=false
INFO: [ app_begin ] --START--
INFO: Run Behavior\ReadHtmlCacheBehavior [ RunTime:0.002000s ]
INFO: [ app_begin ] --END-- [ RunTime:0.003000s ]
ERR: 非法操作:api

[ 2016-02-02T16:23:19+08:00 ] 127.0.0.1 /index.php/Home/Index/api/tweet.php?username=&list=&hashtag=&count=1&exclude_replies=false
INFO: [ app_begin ] --START--
INFO: Run Behavior\ReadHtmlCacheBehavior [ RunTime:0.001000s ]
INFO: [ app_begin ] --END-- [ RunTime:0.006000s ]
ERR: 非法操作:api

[ 2016-02-02T16:23:22+08:00 ] 127.0.0.1 /index.php/Home/Index/api/tweet.php?username=&list=&hashtag=&count=1&exclude_replies=false
INFO: [ app_begin ] --START--
INFO: Run Behavior\ReadHtmlCacheBehavior [ RunTime:0.002001s ]
INFO: [ app_begin ] --END-- [ RunTime:0.004001s ]
ERR: 非法操作:api

[ 2016-02-02T16:23:28+08:00 ] 127.0.0.1 /index.php/Home/Index/api/tweet.php?username=&list=&hashtag=&count=1&exclude_replies=false
INFO: [ app_begin ] --START--
INFO: Run Behavior\ReadHtmlCacheBehavior [ RunTime:0.003000s ]
INFO: [ app_begin ] --END-- [ RunTime:0.004000s ]
ERR: 非法操作:api

[ 2016-02-02T16:23:33+08:00 ] 127.0.0.1 /index.php/Home/Index/api/tweet.php?username=&list=&hashtag=&count=1&exclude_replies=false
INFO: [ app_begin ] --START--
INFO: Run Behavior\ReadHtmlCacheBehavior [ RunTime:0.001000s ]
INFO: [ app_begin ] --END-- [ RunTime:0.002000s ]
ERR: 非法操作:api

[ 2016-02-02T16:25:57+08:00 ] 127.0.0.1 /index.php/Home/Index/api/tweet.php?username=&list=&hashtag=&count=1&exclude_replies=false
INFO: [ app_begin ] --START--
INFO: Run Behavior\ReadHtmlCacheBehavior [ RunTime:0.001000s ]
INFO: [ app_begin ] --END-- [ RunTime:0.002001s ]
ERR: 非法操作:api

[ 2016-02-02T16:26:50+08:00 ] 127.0.0.1 /index.php/Home/Index/api/tweet.php?username=&list=&hashtag=&count=1&exclude_replies=false
INFO: [ app_begin ] --START--
INFO: Run Behavior\ReadHtmlCacheBehavior [ RunTime:0.002000s ]
INFO: [ app_begin ] --END-- [ RunTime:0.003000s ]
ERR: 非法操作:api

[ 2016-02-02T16:26:58+08:00 ] 127.0.0.1 /index.php/Home/Index/api/tweet.php?username=&list=&hashtag=&count=1&exclude_replies=false
INFO: [ app_begin ] --START--
INFO: Run Behavior\ReadHtmlCacheBehavior [ RunTime:0.001000s ]
INFO: [ app_begin ] --END-- [ RunTime:0.002000s ]
ERR: 非法操作:api

[ 2016-02-02T16:27:24+08:00 ] 127.0.0.1 /index.php/Home/Index/api/tweet.php?username=&list=&hashtag=&count=1&exclude_replies=false
INFO: [ app_begin ] --START--
INFO: Run Behavior\ReadHtmlCacheBehavior [ RunTime:0.001000s ]
INFO: [ app_begin ] --END-- [ RunTime:0.002000s ]
ERR: 非法操作:api

[ 2016-02-02T16:27:31+08:00 ] 127.0.0.1 /index.php/Home/Index/api/tweet.php?username=&list=&hashtag=&count=1&exclude_replies=false
INFO: [ app_begin ] --START--
INFO: Run Behavior\ReadHtmlCacheBehavior [ RunTime:0.002000s ]
INFO: [ app_begin ] --END-- [ RunTime:0.003000s ]
ERR: 非法操作:api

[ 2016-02-02T16:27:43+08:00 ] 127.0.0.1 /index.php/Home/Index/api/tweet.php?username=&list=&hashtag=&count=1&exclude_replies=false
INFO: [ app_begin ] --START--
INFO: Run Behavior\ReadHtmlCacheBehavior [ RunTime:0.002000s ]
INFO: [ app_begin ] --END-- [ RunTime:0.003000s ]
ERR: 非法操作:api

[ 2016-02-02T16:27:49+08:00 ] 127.0.0.1 /index.php/Home/Index/api/tweet.php?username=&list=&hashtag=&count=1&exclude_replies=false
INFO: [ app_begin ] --START--
INFO: Run Behavior\ReadHtmlCacheBehavior [ RunTime:0.002000s ]
INFO: [ app_begin ] --END-- [ RunTime:0.003000s ]
ERR: 非法操作:api

[ 2016-02-02T16:28:43+08:00 ] 127.0.0.1 /index.php/Home/Index/api/tweet.php?username=&list=&hashtag=&count=1&exclude_replies=false
INFO: [ app_begin ] --START--
INFO: Run Behavior\ReadHtmlCacheBehavior [ RunTime:0.002000s ]
INFO: [ app_begin ] --END-- [ RunTime:0.003000s ]
ERR: 非法操作:api

[ 2016-02-02T16:28:46+08:00 ] 127.0.0.1 /index.php/Home/Index/api/tweet.php?username=&list=&hashtag=&count=1&exclude_replies=false
INFO: [ app_begin ] --START--
INFO: Run Behavior\ReadHtmlCacheBehavior [ RunTime:0.002000s ]
INFO: [ app_begin ] --END-- [ RunTime:0.003000s ]
ERR: 非法操作:api

[ 2016-02-02T16:28:47+08:00 ] 127.0.0.1 /index.php/Home/Index/api/tweet.php?username=&list=&hashtag=&count=1&exclude_replies=false
INFO: [ app_begin ] --START--
INFO: Run Behavior\ReadHtmlCacheBehavior [ RunTime:0.001000s ]
INFO: [ app_begin ] --END-- [ RunTime:0.002000s ]
ERR: 非法操作:api

[ 2016-02-02T16:29:17+08:00 ] 127.0.0.1 /index.php/Home/Index/api/tweet.php?username=&list=&hashtag=&count=1&exclude_replies=false
INFO: [ app_begin ] --START--
INFO: Run Behavior\ReadHtmlCacheBehavior [ RunTime:0.001000s ]
INFO: [ app_begin ] --END-- [ RunTime:0.002000s ]
ERR: 非法操作:api

[ 2016-02-02T16:29:42+08:00 ] 127.0.0.1 /index.php/Home/Index/api/tweet.php?username=&list=&hashtag=&count=1&exclude_replies=false
INFO: [ app_begin ] --START--
INFO: Run Behavior\ReadHtmlCacheBehavior [ RunTime:0.001000s ]
INFO: [ app_begin ] --END-- [ RunTime:0.003000s ]
ERR: 非法操作:api

[ 2016-02-02T16:29:46+08:00 ] 127.0.0.1 /index.php/Home/Index/api/tweet.php?username=&list=&hashtag=&count=1&exclude_replies=false
INFO: [ app_begin ] --START--
INFO: Run Behavior\ReadHtmlCacheBehavior [ RunTime:0.002000s ]
INFO: [ app_begin ] --END-- [ RunTime:0.003000s ]
ERR: 非法操作:api

[ 2016-02-02T16:30:03+08:00 ] 127.0.0.1 /index.php/Home/Index/api/tweet.php?username=&list=&hashtag=&count=1&exclude_replies=false
INFO: [ app_begin ] --START--
INFO: Run Behavior\ReadHtmlCacheBehavior [ RunTime:0.001000s ]
INFO: [ app_begin ] --END-- [ RunTime:0.002000s ]
ERR: 非法操作:api

[ 2016-02-02T16:30:13+08:00 ] 127.0.0.1 /index.php/Home/Index/api/tweet.php?username=&list=&hashtag=&count=1&exclude_replies=false
INFO: [ app_begin ] --START--
INFO: Run Behavior\ReadHtmlCacheBehavior [ RunTime:0.002000s ]
INFO: [ app_begin ] --END-- [ RunTime:0.003000s ]
ERR: 非法操作:api

[ 2016-02-02T16:30:15+08:00 ] 127.0.0.1 /index.php/Home/Index/api/tweet.php?username=&list=&hashtag=&count=1&exclude_replies=false
INFO: [ app_begin ] --START--
INFO: Run Behavior\ReadHtmlCacheBehavior [ RunTime:0.002000s ]
INFO: [ app_begin ] --END-- [ RunTime:0.003000s ]
ERR: 非法操作:api

[ 2016-02-02T16:30:46+08:00 ] 127.0.0.1 /index.php/Home/Index/api/tweet.php?username=&list=&hashtag=&count=1&exclude_replies=false
INFO: [ app_begin ] --START--
INFO: Run Behavior\ReadHtmlCacheBehavior [ RunTime:0.001000s ]
INFO: [ app_begin ] --END-- [ RunTime:0.002000s ]
ERR: 非法操作:api

[ 2016-02-02T16:31:23+08:00 ] 127.0.0.1 /index.php/Home/Index/api/tweet.php?username=&list=&hashtag=&count=1&exclude_replies=false
INFO: [ app_begin ] --START--
INFO: Run Behavior\ReadHtmlCacheBehavior [ RunTime:0.002000s ]
INFO: [ app_begin ] --END-- [ RunTime:0.007000s ]
ERR: 非法操作:api

[ 2016-02-02T16:31:45+08:00 ] 127.0.0.1 /index.php/Home/Index/api/tweet.php?username=&list=&hashtag=&count=1&exclude_replies=false
INFO: [ app_begin ] --START--
INFO: Run Behavior\ReadHtmlCacheBehavior [ RunTime:0.003001s ]
INFO: [ app_begin ] --END-- [ RunTime:0.004001s ]
ERR: 非法操作:api

[ 2016-02-02T16:32:11+08:00 ] 127.0.0.1 /index.php/Home/Index/api/tweet.php?username=&list=&hashtag=&count=1&exclude_replies=false
INFO: [ app_begin ] --START--
INFO: Run Behavior\ReadHtmlCacheBehavior [ RunTime:0.002000s ]
INFO: [ app_begin ] --END-- [ RunTime:0.004000s ]
ERR: 非法操作:api

[ 2016-02-02T16:33:21+08:00 ] 127.0.0.1 /index.php/Home/Index/api/tweet.php?username=&list=&hashtag=&count=1&exclude_replies=false
INFO: [ app_begin ] --START--
INFO: Run Behavior\ReadHtmlCacheBehavior [ RunTime:0.001000s ]
INFO: [ app_begin ] --END-- [ RunTime:0.002000s ]
ERR: 非法操作:api

[ 2016-02-02T16:33:24+08:00 ] 127.0.0.1 /index.php/Home/Index/api/tweet.php?username=&list=&hashtag=&count=1&exclude_replies=false
INFO: [ app_begin ] --START--
INFO: Run Behavior\ReadHtmlCacheBehavior [ RunTime:0.002000s ]
INFO: [ app_begin ] --END-- [ RunTime:0.003000s ]
ERR: 非法操作:api

[ 2016-02-02T16:33:48+08:00 ] 127.0.0.1 /index.php/Home/Index/api/tweet.php?username=&list=&hashtag=&count=1&exclude_replies=false
INFO: [ app_begin ] --START--
INFO: Run Behavior\ReadHtmlCacheBehavior [ RunTime:0.001000s ]
INFO: [ app_begin ] --END-- [ RunTime:0.002000s ]
ERR: 非法操作:api

[ 2016-02-02T16:33:59+08:00 ] 127.0.0.1 /index.php/Home/Index/api/tweet.php?username=&list=&hashtag=&count=1&exclude_replies=false
INFO: [ app_begin ] --START--
INFO: Run Behavior\ReadHtmlCacheBehavior [ RunTime:0.002000s ]
INFO: [ app_begin ] --END-- [ RunTime:0.003000s ]
ERR: 非法操作:api

[ 2016-02-02T16:34:40+08:00 ] 127.0.0.1 /index.php/Home/Index/api/tweet.php?username=&list=&hashtag=&count=1&exclude_replies=false
INFO: [ app_begin ] --START--
INFO: Run Behavior\ReadHtmlCacheBehavior [ RunTime:0.002000s ]
INFO: [ app_begin ] --END-- [ RunTime:0.003000s ]
ERR: 非法操作:api

[ 2016-02-02T16:34:52+08:00 ] 127.0.0.1 /index.php/Home/Index/api/tweet.php?username=&list=&hashtag=&count=1&exclude_replies=false
INFO: [ app_begin ] --START--
INFO: Run Behavior\ReadHtmlCacheBehavior [ RunTime:0.002001s ]
INFO: [ app_begin ] --END-- [ RunTime:0.003001s ]
ERR: 非法操作:api

[ 2016-02-02T16:34:56+08:00 ] 127.0.0.1 /index.php/Home/Index/api/tweet.php?username=&list=&hashtag=&count=1&exclude_replies=false
INFO: [ app_begin ] --START--
INFO: Run Behavior\ReadHtmlCacheBehavior [ RunTime:0.002001s ]
INFO: [ app_begin ] --END-- [ RunTime:0.004001s ]
ERR: 非法操作:api

[ 2016-02-02T16:35:04+08:00 ] 127.0.0.1 /index.php/Home/Index/api/tweet.php?username=&list=&hashtag=&count=1&exclude_replies=false
INFO: [ app_begin ] --START--
INFO: Run Behavior\ReadHtmlCacheBehavior [ RunTime:0.002001s ]
INFO: [ app_begin ] --END-- [ RunTime:0.003001s ]
ERR: 非法操作:api

[ 2016-02-02T16:35:05+08:00 ] 127.0.0.1 /index.php/Home/Index/api/tweet.php?username=&list=&hashtag=&count=1&exclude_replies=false
INFO: [ app_begin ] --START--
INFO: Run Behavior\ReadHtmlCacheBehavior [ RunTime:0.001000s ]
INFO: [ app_begin ] --END-- [ RunTime:0.003000s ]
ERR: 非法操作:api

[ 2016-02-02T16:35:08+08:00 ] 127.0.0.1 /index.php/Home/Index/api/tweet.php?username=&list=&hashtag=&count=1&exclude_replies=false
INFO: [ app_begin ] --START--
INFO: Run Behavior\ReadHtmlCacheBehavior [ RunTime:0.001000s ]
INFO: [ app_begin ] --END-- [ RunTime:0.003000s ]
ERR: 非法操作:api

[ 2016-02-02T16:35:12+08:00 ] 127.0.0.1 /index.php/Home/Index/api/tweet.php?username=&list=&hashtag=&count=1&exclude_replies=false
INFO: [ app_begin ] --START--
INFO: Run Behavior\ReadHtmlCacheBehavior [ RunTime:0.003000s ]
INFO: [ app_begin ] --END-- [ RunTime:0.004000s ]
ERR: 非法操作:api

[ 2016-02-02T16:35:14+08:00 ] 127.0.0.1 /index.php/Home/Index/api/tweet.php?username=&list=&hashtag=&count=1&exclude_replies=false
INFO: [ app_begin ] --START--
INFO: Run Behavior\ReadHtmlCacheBehavior [ RunTime:0.003001s ]
INFO: [ app_begin ] --END-- [ RunTime:0.004001s ]
ERR: 非法操作:api

[ 2016-02-02T16:35:57+08:00 ] 127.0.0.1 /index.php/Home/Index/api/tweet.php?username=&list=&hashtag=&count=1&exclude_replies=false
INFO: [ app_begin ] --START--
INFO: Run Behavior\ReadHtmlCacheBehavior [ RunTime:0.002001s ]
INFO: [ app_begin ] --END-- [ RunTime:0.003001s ]
ERR: 非法操作:api

[ 2016-02-02T16:36:00+08:00 ] 127.0.0.1 /index.php/Home/Index/api/tweet.php?username=&list=&hashtag=&count=1&exclude_replies=false
INFO: [ app_begin ] --START--
INFO: Run Behavior\ReadHtmlCacheBehavior [ RunTime:0.002000s ]
INFO: [ app_begin ] --END-- [ RunTime:0.003000s ]
ERR: 非法操作:api

[ 2016-02-02T16:38:03+08:00 ] 127.0.0.1 /index.php/Home/Index/api/tweet.php?username=&list=&hashtag=&count=1&exclude_replies=false
INFO: [ app_begin ] --START--
INFO: Run Behavior\ReadHtmlCacheBehavior [ RunTime:0.001000s ]
INFO: [ app_begin ] --END-- [ RunTime:0.002000s ]
ERR: 非法操作:api

[ 2016-02-02T16:38:24+08:00 ] 127.0.0.1 /index.php/Home/Index/api/tweet.php?username=&list=&hashtag=&count=1&exclude_replies=false
INFO: [ app_begin ] --START--
INFO: Run Behavior\ReadHtmlCacheBehavior [ RunTime:0.001001s ]
INFO: [ app_begin ] --END-- [ RunTime:0.003001s ]
ERR: 非法操作:api

[ 2016-02-02T16:38:59+08:00 ] 127.0.0.1 /index.php/Home/Index/api/tweet.php?username=&list=&hashtag=&count=1&exclude_replies=false
INFO: [ app_begin ] --START--
INFO: Run Behavior\ReadHtmlCacheBehavior [ RunTime:0.001000s ]
INFO: [ app_begin ] --END-- [ RunTime:0.002000s ]
ERR: 非法操作:api

[ 2016-02-02T16:39:00+08:00 ] 127.0.0.1 /index.php/Home/Index/api/tweet.php?username=&list=&hashtag=&count=1&exclude_replies=false
INFO: [ app_begin ] --START--
INFO: Run Behavior\ReadHtmlCacheBehavior [ RunTime:0.003001s ]
INFO: [ app_begin ] --END-- [ RunTime:0.004001s ]
ERR: 非法操作:api

[ 2016-02-02T16:39:07+08:00 ] 127.0.0.1 /index.php/Home/Index/api/tweet.php?username=&list=&hashtag=&count=1&exclude_replies=false
INFO: [ app_begin ] --START--
INFO: Run Behavior\ReadHtmlCacheBehavior [ RunTime:0.002000s ]
INFO: [ app_begin ] --END-- [ RunTime:0.002000s ]
ERR: 非法操作:api

[ 2016-02-02T16:39:13+08:00 ] 127.0.0.1 /index.php/Home/Index/api/tweet.php?username=&list=&hashtag=&count=1&exclude_replies=false
INFO: [ app_begin ] --START--
INFO: Run Behavior\ReadHtmlCacheBehavior [ RunTime:0.001000s ]
INFO: [ app_begin ] --END-- [ RunTime:0.002001s ]
ERR: 非法操作:api

[ 2016-02-02T16:40:27+08:00 ] 127.0.0.1 /index.php/Home/Index/api/tweet.php?username=&list=&hashtag=&count=1&exclude_replies=false
INFO: [ app_begin ] --START--
INFO: Run Behavior\ReadHtmlCacheBehavior [ RunTime:0.001000s ]
INFO: [ app_begin ] --END-- [ RunTime:0.003001s ]
ERR: 非法操作:api

[ 2016-02-02T16:40:30+08:00 ] 127.0.0.1 /index.php/Home/Index/api/tweet.php?username=&list=&hashtag=&count=1&exclude_replies=false
INFO: [ app_begin ] --START--
INFO: Run Behavior\ReadHtmlCacheBehavior [ RunTime:0.001000s ]
INFO: [ app_begin ] --END-- [ RunTime:0.001000s ]
ERR: 非法操作:api

[ 2016-02-02T16:40:32+08:00 ] 127.0.0.1 /index.php/Home/Index/api/tweet.php?username=&list=&hashtag=&count=1&exclude_replies=false
INFO: [ app_begin ] --START--
INFO: Run Behavior\ReadHtmlCacheBehavior [ RunTime:0.002001s ]
INFO: [ app_begin ] --END-- [ RunTime:0.002001s ]
ERR: 非法操作:api

[ 2016-02-02T16:40:36+08:00 ] 127.0.0.1 /index.php/Home/Index/api/tweet.php?username=&list=&hashtag=&count=1&exclude_replies=false
INFO: [ app_begin ] --START--
INFO: Run Behavior\ReadHtmlCacheBehavior [ RunTime:0.002000s ]
INFO: [ app_begin ] --END-- [ RunTime:0.002000s ]
ERR: 非法操作:api

[ 2016-02-02T16:40:41+08:00 ] 127.0.0.1 /index.php/Home/Index/api/tweet.php?username=&list=&hashtag=&count=1&exclude_replies=false
INFO: [ app_begin ] --START--
INFO: Run Behavior\ReadHtmlCacheBehavior [ RunTime:0.001000s ]
INFO: [ app_begin ] --END-- [ RunTime:0.003000s ]
ERR: 非法操作:api

[ 2016-02-02T16:40:42+08:00 ] 127.0.0.1 /index.php/Home/Index/api/tweet.php?username=&list=&hashtag=&count=1&exclude_replies=false
INFO: [ app_begin ] --START--
INFO: Run Behavior\ReadHtmlCacheBehavior [ RunTime:0.002000s ]
INFO: [ app_begin ] --END-- [ RunTime:0.004000s ]
ERR: 非法操作:api

[ 2016-02-02T16:40:44+08:00 ] 127.0.0.1 /index.php/Home/Index/api/tweet.php?username=&list=&hashtag=&count=1&exclude_replies=false
INFO: [ app_begin ] --START--
INFO: Run Behavior\ReadHtmlCacheBehavior [ RunTime:0.001000s ]
INFO: [ app_begin ] --END-- [ RunTime:0.002000s ]
ERR: 非法操作:api

[ 2016-02-02T16:41:08+08:00 ] 127.0.0.1 /index.php/Home/Index/api/tweet.php?username=&list=&hashtag=&count=1&exclude_replies=false
INFO: [ app_begin ] --START--
INFO: Run Behavior\ReadHtmlCacheBehavior [ RunTime:0.002000s ]
INFO: [ app_begin ] --END-- [ RunTime:0.003000s ]
ERR: 非法操作:api

[ 2016-02-02T16:41:09+08:00 ] 127.0.0.1 /index.php/Home/Index/api/tweet.php?username=&list=&hashtag=&count=1&exclude_replies=false
INFO: [ app_begin ] --START--
INFO: Run Behavior\ReadHtmlCacheBehavior [ RunTime:0.002000s ]
INFO: [ app_begin ] --END-- [ RunTime:0.003000s ]
ERR: 非法操作:api

[ 2016-02-02T16:41:20+08:00 ] 127.0.0.1 /index.php/Home/Index/api/tweet.php?username=&list=&hashtag=&count=1&exclude_replies=false
INFO: [ app_begin ] --START--
INFO: Run Behavior\ReadHtmlCacheBehavior [ RunTime:0.003000s ]
INFO: [ app_begin ] --END-- [ RunTime:0.004000s ]
ERR: 非法操作:api

[ 2016-02-02T16:41:47+08:00 ] 127.0.0.1 /index.php/Home/Index/api/tweet.php?username=&list=&hashtag=&count=1&exclude_replies=false
INFO: [ app_begin ] --START--
INFO: Run Behavior\ReadHtmlCacheBehavior [ RunTime:0.003000s ]
INFO: [ app_begin ] --END-- [ RunTime:0.004000s ]
ERR: 非法操作:api

[ 2016-02-02T16:42:10+08:00 ] 127.0.0.1 /index.php/Home/Index/api/tweet.php?username=&list=&hashtag=&count=1&exclude_replies=false
INFO: [ app_begin ] --START--
INFO: Run Behavior\ReadHtmlCacheBehavior [ RunTime:0.002000s ]
INFO: [ app_begin ] --END-- [ RunTime:0.004000s ]
ERR: 非法操作:api

[ 2016-02-02T16:42:12+08:00 ] 127.0.0.1 /index.php/Home/Index/api/tweet.php?username=&list=&hashtag=&count=1&exclude_replies=false
INFO: [ app_begin ] --START--
INFO: Run Behavior\ReadHtmlCacheBehavior [ RunTime:0.002000s ]
INFO: [ app_begin ] --END-- [ RunTime:0.003001s ]
ERR: 非法操作:api

[ 2016-02-02T16:42:17+08:00 ] 127.0.0.1 /index.php/Home/Index/api/tweet.php?username=&list=&hashtag=&count=1&exclude_replies=false
INFO: [ app_begin ] --START--
INFO: Run Behavior\ReadHtmlCacheBehavior [ RunTime:0.002000s ]
INFO: [ app_begin ] --END-- [ RunTime:0.003000s ]
ERR: 非法操作:api

[ 2016-02-02T16:42:20+08:00 ] 127.0.0.1 /index.php/Home/Index/api/tweet.php?username=&list=&hashtag=&count=1&exclude_replies=false
INFO: [ app_begin ] --START--
INFO: Run Behavior\ReadHtmlCacheBehavior [ RunTime:0.001000s ]
INFO: [ app_begin ] --END-- [ RunTime:0.002000s ]
ERR: 非法操作:api

[ 2016-02-02T16:44:42+08:00 ] 127.0.0.1 /index.php/Home/Index/api/tweet.php?username=&list=&hashtag=&count=1&exclude_replies=false
INFO: [ app_begin ] --START--
INFO: Run Behavior\ReadHtmlCacheBehavior [ RunTime:0.001000s ]
INFO: [ app_begin ] --END-- [ RunTime:0.002000s ]
ERR: 非法操作:api

[ 2016-02-02T16:44:52+08:00 ] 127.0.0.1 /index.php/Home/Index/api/tweet.php?username=&list=&hashtag=&count=1&exclude_replies=false
INFO: [ app_begin ] --START--
INFO: Run Behavior\ReadHtmlCacheBehavior [ RunTime:0.001000s ]
INFO: [ app_begin ] --END-- [ RunTime:0.002000s ]
ERR: 非法操作:api

[ 2016-02-02T16:48:50+08:00 ] 127.0.0.1 /index.php/Home/Index/blog.html
ERR: 非法操作:blog

[ 2016-02-02T16:48:52+08:00 ] 127.0.0.1 /index.php/Home/Index/api/tweet.php?username=&list=&hashtag=&count=1&exclude_replies=false
INFO: [ app_begin ] --START--
INFO: Run Behavior\ReadHtmlCacheBehavior [ RunTime:0.001000s ]
INFO: [ app_begin ] --END-- [ RunTime:0.002000s ]
ERR: 非法操作:api

[ 2016-02-02T16:48:56+08:00 ] 127.0.0.1 /index.php/Home/Index/api/tweet.php?username=&list=&hashtag=&count=1&exclude_replies=false
INFO: [ app_begin ] --START--
INFO: Run Behavior\ReadHtmlCacheBehavior [ RunTime:0.001000s ]
INFO: [ app_begin ] --END-- [ RunTime:0.002000s ]
ERR: 非法操作:api

[ 2016-02-02T16:48:58+08:00 ] 127.0.0.1 /index.php/Home/Index/api/tweet.php?username=&list=&hashtag=&count=1&exclude_replies=false
INFO: [ app_begin ] --START--
INFO: Run Behavior\ReadHtmlCacheBehavior [ RunTime:0.002000s ]
INFO: [ app_begin ] --END-- [ RunTime:0.003000s ]
ERR: 非法操作:api

[ 2016-02-02T16:48:58+08:00 ] 127.0.0.1 /index.php/Home/Index/api/tweet.php?username=&list=&hashtag=&count=1&exclude_replies=false
INFO: [ app_begin ] --START--
INFO: Run Behavior\ReadHtmlCacheBehavior [ RunTime:0.001000s ]
INFO: [ app_begin ] --END-- [ RunTime:0.002000s ]
ERR: 非法操作:api

[ 2016-02-02T16:48:59+08:00 ] 127.0.0.1 /index.php/Home/Index/api/tweet.php?username=&list=&hashtag=&count=1&exclude_replies=false
INFO: [ app_begin ] --START--
INFO: Run Behavior\ReadHtmlCacheBehavior [ RunTime:0.001000s ]
INFO: [ app_begin ] --END-- [ RunTime:0.003000s ]
ERR: 非法操作:api

[ 2016-02-02T16:49:00+08:00 ] 127.0.0.1 /index.php/Home/Index/api/tweet.php?username=&list=&hashtag=&count=1&exclude_replies=false
INFO: [ app_begin ] --START--
INFO: Run Behavior\ReadHtmlCacheBehavior [ RunTime:0.002001s ]
INFO: [ app_begin ] --END-- [ RunTime:0.004001s ]
ERR: 非法操作:api

[ 2016-02-02T16:49:07+08:00 ] 127.0.0.1 /index.php/Home/Index/api/tweet.php?username=&list=&hashtag=&count=1&exclude_replies=false
INFO: [ app_begin ] --START--
INFO: Run Behavior\ReadHtmlCacheBehavior [ RunTime:0.002000s ]
INFO: [ app_begin ] --END-- [ RunTime:0.003000s ]
ERR: 非法操作:api

[ 2016-02-02T16:51:43+08:00 ] 127.0.0.1 /index.php/Home/Index/api/tweet.php?username=&list=&hashtag=&count=1&exclude_replies=false
INFO: [ app_begin ] --START--
INFO: Run Behavior\ReadHtmlCacheBehavior [ RunTime:0.002000s ]
INFO: [ app_begin ] --END-- [ RunTime:0.003000s ]
ERR: 非法操作:api

[ 2016-02-02T16:59:24+08:00 ] 127.0.0.1 /index.php/Home/Index/api/tweet.php?username=&list=&hashtag=&count=1&exclude_replies=false
INFO: [ app_begin ] --START--
INFO: Run Behavior\ReadHtmlCacheBehavior [ RunTime:0.001000s ]
INFO: [ app_begin ] --END-- [ RunTime:0.002000s ]
ERR: 非法操作:api

[ 2016-02-02T17:10:07+08:00 ] 127.0.0.1 /index.php/Home/Index/api/tweet.php?username=&list=&hashtag=&count=1&exclude_replies=false
INFO: [ app_begin ] --START--
INFO: Run Behavior\ReadHtmlCacheBehavior [ RunTime:0.002000s ]
INFO: [ app_begin ] --END-- [ RunTime:0.003000s ]
ERR: 非法操作:api

[ 2016-02-02T19:08:45+08:00 ] 127.0.0.1 /index.php/Home/Index/api/tweet.php?username=&list=&hashtag=&count=1&exclude_replies=false
INFO: [ app_begin ] --START--
INFO: Run Behavior\ReadHtmlCacheBehavior [ RunTime:0.003000s ]
INFO: [ app_begin ] --END-- [ RunTime:0.004000s ]
ERR: 非法操作:api

[ 2016-02-02T19:10:26+08:00 ] 127.0.0.1 /index.php/Home/Index/api/tweet.php?username=&list=&hashtag=&count=1&exclude_replies=false
INFO: [ app_begin ] --START--
INFO: Run Behavior\ReadHtmlCacheBehavior [ RunTime:0.002000s ]
INFO: [ app_begin ] --END-- [ RunTime:0.003000s ]
ERR: 非法操作:api

[ 2016-02-02T19:10:52+08:00 ] 127.0.0.1 /index.php/Home/Index/api/tweet.php?username=&list=&hashtag=&count=1&exclude_replies=false
INFO: [ app_begin ] --START--
INFO: Run Behavior\ReadHtmlCacheBehavior [ RunTime:0.002000s ]
INFO: [ app_begin ] --END-- [ RunTime:0.002000s ]
ERR: 非法操作:api

[ 2016-02-02T19:24:40+08:00 ] 127.0.0.1 /index.php/Home/Index/api/tweet.php?username=&list=&hashtag=&count=1&exclude_replies=false
INFO: [ app_begin ] --START--
INFO: Run Behavior\ReadHtmlCacheBehavior [ RunTime:0.001000s ]
INFO: [ app_begin ] --END-- [ RunTime:0.002000s ]
ERR: 非法操作:api

[ 2016-02-02T19:27:20+08:00 ] 127.0.0.1 /index.php/Home/Index/api/tweet.php?username=&list=&hashtag=&count=1&exclude_replies=false
INFO: [ app_begin ] --START--
INFO: Run Behavior\ReadHtmlCacheBehavior [ RunTime:0.003000s ]
INFO: [ app_begin ] --END-- [ RunTime:0.003000s ]
ERR: 非法操作:api

[ 2016-02-02T19:27:30+08:00 ] 127.0.0.1 /index.php/Home/Index/api/tweet.php?username=&list=&hashtag=&count=1&exclude_replies=false
INFO: [ app_begin ] --START--
INFO: Run Behavior\ReadHtmlCacheBehavior [ RunTime:0.002000s ]
INFO: [ app_begin ] --END-- [ RunTime:0.003000s ]
ERR: 非法操作:api

[ 2016-02-02T19:28:16+08:00 ] 127.0.0.1 /index.php/Home/Index/api/tweet.php?username=&list=&hashtag=&count=1&exclude_replies=false
INFO: [ app_begin ] --START--
INFO: Run Behavior\ReadHtmlCacheBehavior [ RunTime:0.002000s ]
INFO: [ app_begin ] --END-- [ RunTime:0.003000s ]
ERR: 非法操作:api

[ 2016-02-02T19:28:38+08:00 ] 127.0.0.1 /index.php/Home/Index/api/tweet.php?username=&list=&hashtag=&count=1&exclude_replies=false
INFO: [ app_begin ] --START--
INFO: Run Behavior\ReadHtmlCacheBehavior [ RunTime:0.001000s ]
INFO: [ app_begin ] --END-- [ RunTime:0.003000s ]
ERR: 非法操作:api

[ 2016-02-02T19:29:00+08:00 ] 127.0.0.1 /index.php/Home/Index/api/tweet.php?username=&list=&hashtag=&count=1&exclude_replies=false
INFO: [ app_begin ] --START--
INFO: Run Behavior\ReadHtmlCacheBehavior [ RunTime:0.001001s ]
INFO: [ app_begin ] --END-- [ RunTime:0.002001s ]
ERR: 非法操作:api

[ 2016-02-02T19:29:20+08:00 ] 127.0.0.1 /index.php/Home/Index/api/tweet.php?username=&list=&hashtag=&count=1&exclude_replies=false
INFO: [ app_begin ] --START--
INFO: Run Behavior\ReadHtmlCacheBehavior [ RunTime:0.002000s ]
INFO: [ app_begin ] --END-- [ RunTime:0.002000s ]
ERR: 非法操作:api

[ 2016-02-02T19:29:54+08:00 ] 127.0.0.1 /index.php/Home/Index/api/tweet.php?username=&list=&hashtag=&count=1&exclude_replies=false
INFO: [ app_begin ] --START--
INFO: Run Behavior\ReadHtmlCacheBehavior [ RunTime:0.002000s ]
INFO: [ app_begin ] --END-- [ RunTime:0.003000s ]
ERR: 非法操作:api

[ 2016-02-02T19:30:24+08:00 ] 127.0.0.1 /index.php/Home/Index/api/tweet.php?username=&list=&hashtag=&count=1&exclude_replies=false
INFO: [ app_begin ] --START--
INFO: Run Behavior\ReadHtmlCacheBehavior [ RunTime:0.002000s ]
INFO: [ app_begin ] --END-- [ RunTime:0.003000s ]
ERR: 非法操作:api

[ 2016-02-02T19:30:53+08:00 ] 127.0.0.1 /index.php/Home/Index/api/tweet.php?username=&list=&hashtag=&count=1&exclude_replies=false
INFO: [ app_begin ] --START--
INFO: Run Behavior\ReadHtmlCacheBehavior [ RunTime:0.001000s ]
INFO: [ app_begin ] --END-- [ RunTime:0.002000s ]
ERR: 非法操作:api

[ 2016-02-02T19:31:13+08:00 ] 127.0.0.1 /index.php/Home/Index/api/tweet.php?username=&list=&hashtag=&count=1&exclude_replies=false
INFO: [ app_begin ] --START--
INFO: Run Behavior\ReadHtmlCacheBehavior [ RunTime:0.002000s ]
INFO: [ app_begin ] --END-- [ RunTime:0.003000s ]
ERR: 非法操作:api

[ 2016-02-02T19:31:14+08:00 ] 127.0.0.1 /index.php/Home/Index/api/tweet.php?username=&list=&hashtag=&count=1&exclude_replies=false
INFO: [ app_begin ] --START--
INFO: Run Behavior\ReadHtmlCacheBehavior [ RunTime:0.002000s ]
INFO: [ app_begin ] --END-- [ RunTime:0.003000s ]
ERR: 非法操作:api

[ 2016-02-02T19:32:08+08:00 ] 127.0.0.1 /index.php/Home/Index/api/tweet.php?username=&list=&hashtag=&count=1&exclude_replies=false
INFO: [ app_begin ] --START--
INFO: Run Behavior\ReadHtmlCacheBehavior [ RunTime:0.001000s ]
INFO: [ app_begin ] --END-- [ RunTime:0.002000s ]
ERR: 非法操作:api

[ 2016-02-02T19:32:18+08:00 ] 127.0.0.1 /index.php/Home/Index/api/tweet.php?username=&list=&hashtag=&count=1&exclude_replies=false
INFO: [ app_begin ] --START--
INFO: Run Behavior\ReadHtmlCacheBehavior [ RunTime:0.001000s ]
INFO: [ app_begin ] --END-- [ RunTime:0.003001s ]
ERR: 非法操作:api

[ 2016-02-02T19:33:23+08:00 ] 127.0.0.1 /index.php/Home/Index/api/tweet.php?username=&list=&hashtag=&count=1&exclude_replies=false
INFO: [ app_begin ] --START--
INFO: Run Behavior\ReadHtmlCacheBehavior [ RunTime:0.006000s ]
INFO: [ app_begin ] --END-- [ RunTime:0.007000s ]
ERR: 非法操作:api

[ 2016-02-02T19:33:27+08:00 ] 127.0.0.1 /index.php/Home/Index/api/tweet.php?username=&list=&hashtag=&count=1&exclude_replies=false
INFO: [ app_begin ] --START--
INFO: Run Behavior\ReadHtmlCacheBehavior [ RunTime:0.002000s ]
INFO: [ app_begin ] --END-- [ RunTime:0.003000s ]
ERR: 非法操作:api

[ 2016-02-02T19:33:28+08:00 ] 127.0.0.1 /index.php/Home/Index/api/tweet.php?username=&list=&hashtag=&count=1&exclude_replies=false
INFO: [ app_begin ] --START--
INFO: Run Behavior\ReadHtmlCacheBehavior [ RunTime:0.002000s ]
INFO: [ app_begin ] --END-- [ RunTime:0.003000s ]
ERR: 非法操作:api

[ 2016-02-02T19:34:13+08:00 ] 127.0.0.1 /index.php/Home/Index/api/tweet.php?username=&list=&hashtag=&count=1&exclude_replies=false
INFO: [ app_begin ] --START--
INFO: Run Behavior\ReadHtmlCacheBehavior [ RunTime:0.005000s ]
INFO: [ app_begin ] --END-- [ RunTime:0.009001s ]
ERR: 非法操作:api

[ 2016-02-02T19:35:25+08:00 ] 127.0.0.1 /index.php/Home/Index/api/tweet.php?username=&list=&hashtag=&count=1&exclude_replies=false
INFO: [ app_begin ] --START--
INFO: Run Behavior\ReadHtmlCacheBehavior [ RunTime:0.002000s ]
INFO: [ app_begin ] --END-- [ RunTime:0.003001s ]
ERR: 非法操作:api

[ 2016-02-02T19:36:51+08:00 ] 127.0.0.1 /index.php/Home/Index/api/tweet.php?username=&list=&hashtag=&count=1&exclude_replies=false
INFO: [ app_begin ] --START--
INFO: Run Behavior\ReadHtmlCacheBehavior [ RunTime:0.001000s ]
INFO: [ app_begin ] --END-- [ RunTime:0.003000s ]
ERR: 非法操作:api

[ 2016-02-02T19:37:28+08:00 ] 127.0.0.1 /index.php/Home/Index/api/tweet.php?username=&list=&hashtag=&count=1&exclude_replies=false
INFO: [ app_begin ] --START--
INFO: Run Behavior\ReadHtmlCacheBehavior [ RunTime:0.001000s ]
INFO: [ app_begin ] --END-- [ RunTime:0.002000s ]
ERR: 非法操作:api

[ 2016-02-02T19:37:36+08:00 ] 127.0.0.1 /index.php/Home/Index/api/tweet.php?username=&list=&hashtag=&count=1&exclude_replies=false
INFO: [ app_begin ] --START--
INFO: Run Behavior\ReadHtmlCacheBehavior [ RunTime:0.001000s ]
INFO: [ app_begin ] --END-- [ RunTime:0.002000s ]
ERR: 非法操作:api

[ 2016-02-02T19:37:42+08:00 ] 127.0.0.1 /index.php/Home/Index/api/tweet.php?username=&list=&hashtag=&count=1&exclude_replies=false
INFO: [ app_begin ] --START--
INFO: Run Behavior\ReadHtmlCacheBehavior [ RunTime:0.002000s ]
INFO: [ app_begin ] --END-- [ RunTime:0.004000s ]
ERR: 非法操作:api

[ 2016-02-02T19:37:43+08:00 ] 127.0.0.1 /index.php/Home/Index/api/tweet.php?username=&list=&hashtag=&count=1&exclude_replies=false
INFO: [ app_begin ] --START--
INFO: Run Behavior\ReadHtmlCacheBehavior [ RunTime:0.002000s ]
INFO: [ app_begin ] --END-- [ RunTime:0.003000s ]
ERR: 非法操作:api

[ 2016-02-02T19:38:42+08:00 ] 127.0.0.1 /index.php/Home/Index/api/tweet.php?username=&list=&hashtag=&count=1&exclude_replies=false
INFO: [ app_begin ] --START--
INFO: Run Behavior\ReadHtmlCacheBehavior [ RunTime:0.001000s ]
INFO: [ app_begin ] --END-- [ RunTime:0.002000s ]
ERR: 非法操作:api

[ 2016-02-02T19:39:22+08:00 ] 127.0.0.1 /index.php/Home/Index/api/tweet.php?username=&list=&hashtag=&count=1&exclude_replies=false
INFO: [ app_begin ] --START--
INFO: Run Behavior\ReadHtmlCacheBehavior [ RunTime:0.002001s ]
INFO: [ app_begin ] --END-- [ RunTime:0.003001s ]
ERR: 非法操作:api

[ 2016-02-02T19:39:56+08:00 ] 127.0.0.1 /index.php/Home/Index/api/tweet.php?username=&list=&hashtag=&count=1&exclude_replies=false
INFO: [ app_begin ] --START--
INFO: Run Behavior\ReadHtmlCacheBehavior [ RunTime:0.002000s ]
INFO: [ app_begin ] --END-- [ RunTime:0.003000s ]
ERR: 非法操作:api

[ 2016-02-02T19:40:05+08:00 ] 127.0.0.1 /index.php/Home/Index/api/tweet.php?username=&list=&hashtag=&count=1&exclude_replies=false
INFO: [ app_begin ] --START--
INFO: Run Behavior\ReadHtmlCacheBehavior [ RunTime:0.003001s ]
INFO: [ app_begin ] --END-- [ RunTime:0.005001s ]
ERR: 非法操作:api

[ 2016-02-02T19:40:38+08:00 ] 127.0.0.1 /index.php/Home/Index/api/tweet.php?username=&list=&hashtag=&count=1&exclude_replies=false
INFO: [ app_begin ] --START--
INFO: Run Behavior\ReadHtmlCacheBehavior [ RunTime:0.002000s ]
INFO: [ app_begin ] --END-- [ RunTime:0.003000s ]
ERR: 非法操作:api

[ 2016-02-02T19:41:29+08:00 ] 127.0.0.1 /index.php/Home/Index/api/tweet.php?username=&list=&hashtag=&count=1&exclude_replies=false
INFO: [ app_begin ] --START--
INFO: Run Behavior\ReadHtmlCacheBehavior [ RunTime:0.002000s ]
INFO: [ app_begin ] --END-- [ RunTime:0.003001s ]
ERR: 非法操作:api

[ 2016-02-02T19:42:13+08:00 ] 127.0.0.1 /index.php/Home/Index/api/tweet.php?username=&list=&hashtag=&count=1&exclude_replies=false
INFO: [ app_begin ] --START--
INFO: Run Behavior\ReadHtmlCacheBehavior [ RunTime:0.003000s ]
INFO: [ app_begin ] --END-- [ RunTime:0.005000s ]
ERR: 非法操作:api

[ 2016-02-02T19:43:17+08:00 ] 127.0.0.1 /index.php/Home/Index/api/tweet.php?username=&list=&hashtag=&count=1&exclude_replies=false
INFO: [ app_begin ] --START--
INFO: Run Behavior\ReadHtmlCacheBehavior [ RunTime:0.001000s ]
INFO: [ app_begin ] --END-- [ RunTime:0.002001s ]
ERR: 非法操作:api

[ 2016-02-02T19:47:39+08:00 ] 127.0.0.1 /index.php/Home/Index/api/tweet.php?username=&list=&hashtag=&count=1&exclude_replies=false
INFO: [ app_begin ] --START--
INFO: Run Behavior\ReadHtmlCacheBehavior [ RunTime:0.002000s ]
INFO: [ app_begin ] --END-- [ RunTime:0.004000s ]
ERR: 非法操作:api

[ 2016-02-02T19:48:23+08:00 ] 127.0.0.1 /index.php/Home/Index/api/tweet.php?username=&list=&hashtag=&count=1&exclude_replies=false
INFO: [ app_begin ] --START--
INFO: Run Behavior\ReadHtmlCacheBehavior [ RunTime:0.002000s ]
INFO: [ app_begin ] --END-- [ RunTime:0.003000s ]
ERR: 非法操作:api

[ 2016-02-02T19:52:23+08:00 ] 127.0.0.1 /index.php/Home/Index/api/tweet.php?username=&list=&hashtag=&count=1&exclude_replies=false
INFO: [ app_begin ] --START--
INFO: Run Behavior\ReadHtmlCacheBehavior [ RunTime:0.001000s ]
INFO: [ app_begin ] --END-- [ RunTime:0.002000s ]
ERR: 非法操作:api

[ 2016-02-02T19:53:11+08:00 ] 127.0.0.1 /index.php/Home/Index/api/tweet.php?username=&list=&hashtag=&count=1&exclude_replies=false
INFO: [ app_begin ] --START--
INFO: Run Behavior\ReadHtmlCacheBehavior [ RunTime:0.001000s ]
INFO: [ app_begin ] --END-- [ RunTime:0.002000s ]
ERR: 非法操作:api

[ 2016-02-02T19:57:56+08:00 ] 127.0.0.1 /index.php/Home/Index/api/tweet.php?username=&list=&hashtag=&count=1&exclude_replies=false
INFO: [ app_begin ] --START--
INFO: Run Behavior\ReadHtmlCacheBehavior [ RunTime:0.001000s ]
INFO: [ app_begin ] --END-- [ RunTime:0.002000s ]
ERR: 非法操作:api

[ 2016-02-02T19:58:35+08:00 ] 127.0.0.1 /index.php/Home/Index/api/tweet.php?username=&list=&hashtag=&count=1&exclude_replies=false
INFO: [ app_begin ] --START--
INFO: Run Behavior\ReadHtmlCacheBehavior [ RunTime:0.001000s ]
INFO: [ app_begin ] --END-- [ RunTime:0.002000s ]
ERR: 非法操作:api

[ 2016-02-02T19:59:33+08:00 ] 127.0.0.1 /index.php/Home/Index/api/tweet.php?username=&list=&hashtag=&count=1&exclude_replies=false
INFO: [ app_begin ] --START--
INFO: Run Behavior\ReadHtmlCacheBehavior [ RunTime:0.001000s ]
INFO: [ app_begin ] --END-- [ RunTime:0.004000s ]
ERR: 非法操作:api

[ 2016-02-02T20:00:09+08:00 ] 127.0.0.1 /index.php/Home/Index/api/tweet.php?username=&list=&hashtag=&count=1&exclude_replies=false
INFO: [ app_begin ] --START--
INFO: Run Behavior\ReadHtmlCacheBehavior [ RunTime:0.001001s ]
INFO: [ app_begin ] --END-- [ RunTime:0.003001s ]
ERR: 非法操作:api

[ 2016-02-02T20:02:40+08:00 ] 127.0.0.1 /index.php/Home/Index/api/tweet.php?username=&list=&hashtag=&count=1&exclude_replies=false
INFO: [ app_begin ] --START--
INFO: Run Behavior\ReadHtmlCacheBehavior [ RunTime:0.002001s ]
INFO: [ app_begin ] --END-- [ RunTime:0.003001s ]
ERR: 非法操作:api

[ 2016-02-02T20:02:43+08:00 ] 127.0.0.1 /index.php/Home/Index/api/tweet.php?username=&list=&hashtag=&count=1&exclude_replies=false
INFO: [ app_begin ] --START--
INFO: Run Behavior\ReadHtmlCacheBehavior [ RunTime:0.002000s ]
INFO: [ app_begin ] --END-- [ RunTime:0.004000s ]
ERR: 非法操作:api

[ 2016-02-02T20:02:55+08:00 ] 127.0.0.1 /index.php/Home/Index/api/tweet.php?username=&list=&hashtag=&count=1&exclude_replies=false
INFO: [ app_begin ] --START--
INFO: Run Behavior\ReadHtmlCacheBehavior [ RunTime:0.002001s ]
INFO: [ app_begin ] --END-- [ RunTime:0.003001s ]
ERR: 非法操作:api

[ 2016-02-02T20:03:30+08:00 ] 127.0.0.1 /index.php/Home/Index/api/tweet.php?username=&list=&hashtag=&count=1&exclude_replies=false
INFO: [ app_begin ] --START--
INFO: Run Behavior\ReadHtmlCacheBehavior [ RunTime:0.003000s ]
INFO: [ app_begin ] --END-- [ RunTime:0.005000s ]
ERR: 非法操作:api

[ 2016-02-02T20:04:18+08:00 ] 127.0.0.1 /index.php/Home/Index/api/tweet.php?username=&list=&hashtag=&count=1&exclude_replies=false
INFO: [ app_begin ] --START--
INFO: Run Behavior\ReadHtmlCacheBehavior [ RunTime:0.002000s ]
INFO: [ app_begin ] --END-- [ RunTime:0.003000s ]
ERR: 非法操作:api

[ 2016-02-02T20:08:07+08:00 ] 127.0.0.1 /index.php/Home/Index/api/tweet.php?username=&list=&hashtag=&count=1&exclude_replies=false
INFO: [ app_begin ] --START--
INFO: Run Behavior\ReadHtmlCacheBehavior [ RunTime:0.001000s ]
INFO: [ app_begin ] --END-- [ RunTime:0.004000s ]
ERR: 非法操作:api

[ 2016-02-02T20:10:23+08:00 ] 127.0.0.1 /index.php/Home/Index/api/tweet.php?username=&list=&hashtag=&count=1&exclude_replies=false
INFO: [ app_begin ] --START--
INFO: Run Behavior\ReadHtmlCacheBehavior [ RunTime:0.002000s ]
INFO: [ app_begin ] --END-- [ RunTime:0.002000s ]
ERR: 非法操作:api

[ 2016-02-02T20:10:38+08:00 ] 127.0.0.1 /index.php/Home/Index/api/tweet.php?username=&list=&hashtag=&count=1&exclude_replies=false
INFO: [ app_begin ] --START--
INFO: Run Behavior\ReadHtmlCacheBehavior [ RunTime:0.003000s ]
INFO: [ app_begin ] --END-- [ RunTime:0.003000s ]
ERR: 非法操作:api

[ 2016-02-02T20:10:57+08:00 ] 127.0.0.1 /index.php/Home/Index/api/tweet.php?username=&list=&hashtag=&count=1&exclude_replies=false
INFO: [ app_begin ] --START--
INFO: Run Behavior\ReadHtmlCacheBehavior [ RunTime:0.002000s ]
INFO: [ app_begin ] --END-- [ RunTime:0.004000s ]
ERR: 非法操作:api

[ 2016-02-02T20:11:13+08:00 ] 127.0.0.1 /index.php/Home/Index/api/tweet.php?username=&list=&hashtag=&count=1&exclude_replies=false
INFO: [ app_begin ] --START--
INFO: Run Behavior\ReadHtmlCacheBehavior [ RunTime:0.001000s ]
INFO: [ app_begin ] --END-- [ RunTime:0.003001s ]
ERR: 非法操作:api

[ 2016-02-02T20:12:18+08:00 ] 127.0.0.1 /index.php/Home/Index/api/tweet.php?username=&list=&hashtag=&count=1&exclude_replies=false
INFO: [ app_begin ] --START--
INFO: Run Behavior\ReadHtmlCacheBehavior [ RunTime:0.002000s ]
INFO: [ app_begin ] --END-- [ RunTime:0.003000s ]
ERR: 非法操作:api

[ 2016-02-02T20:12:42+08:00 ] 127.0.0.1 /index.php/Home/Index/api/tweet.php?username=&list=&hashtag=&count=1&exclude_replies=false
INFO: [ app_begin ] --START--
INFO: Run Behavior\ReadHtmlCacheBehavior [ RunTime:0.003000s ]
INFO: [ app_begin ] --END-- [ RunTime:0.004000s ]
ERR: 非法操作:api

[ 2016-02-02T20:13:16+08:00 ] 127.0.0.1 /index.php/Home/Index/api/tweet.php?username=&list=&hashtag=&count=1&exclude_replies=false
INFO: [ app_begin ] --START--
INFO: Run Behavior\ReadHtmlCacheBehavior [ RunTime:0.002000s ]
INFO: [ app_begin ] --END-- [ RunTime:0.004000s ]
ERR: 非法操作:api

[ 2016-02-02T20:13:17+08:00 ] 127.0.0.1 /index.php/Home/Index/api/tweet.php?username=&list=&hashtag=&count=1&exclude_replies=false
INFO: [ app_begin ] --START--
INFO: Run Behavior\ReadHtmlCacheBehavior [ RunTime:0.002000s ]
INFO: [ app_begin ] --END-- [ RunTime:0.003000s ]
ERR: 非法操作:api

[ 2016-02-02T20:13:17+08:00 ] 127.0.0.1 /index.php/Home/Index/api/tweet.php?username=&list=&hashtag=&count=1&exclude_replies=false
INFO: [ app_begin ] --START--
INFO: Run Behavior\ReadHtmlCacheBehavior [ RunTime:0.001000s ]
INFO: [ app_begin ] --END-- [ RunTime:0.002000s ]
ERR: 非法操作:api

[ 2016-02-02T20:13:18+08:00 ] 127.0.0.1 /index.php/Home/Index/api/tweet.php?username=&list=&hashtag=&count=1&exclude_replies=false
INFO: [ app_begin ] --START--
INFO: Run Behavior\ReadHtmlCacheBehavior [ RunTime:0.001000s ]
INFO: [ app_begin ] --END-- [ RunTime:0.001000s ]
ERR: 非法操作:api

[ 2016-02-02T20:15:06+08:00 ] 127.0.0.1 /index.php/Home/Index/api/tweet.php?username=&list=&hashtag=&count=1&exclude_replies=false
INFO: [ app_begin ] --START--
INFO: Run Behavior\ReadHtmlCacheBehavior [ RunTime:0.002000s ]
INFO: [ app_begin ] --END-- [ RunTime:0.003000s ]
ERR: 非法操作:api

[ 2016-02-02T20:16:55+08:00 ] 127.0.0.1 /index.php/Home/Index/api/tweet.php?username=&list=&hashtag=&count=1&exclude_replies=false
INFO: [ app_begin ] --START--
INFO: Run Behavior\ReadHtmlCacheBehavior [ RunTime:0.001000s ]
INFO: [ app_begin ] --END-- [ RunTime:0.002000s ]
ERR: 非法操作:api

[ 2016-02-02T20:17:08+08:00 ] 127.0.0.1 /index.php/Home/Index/api/tweet.php?username=&list=&hashtag=&count=1&exclude_replies=false
INFO: [ app_begin ] --START--
INFO: Run Behavior\ReadHtmlCacheBehavior [ RunTime:0.001000s ]
INFO: [ app_begin ] --END-- [ RunTime:0.003000s ]
ERR: 非法操作:api

[ 2016-02-02T20:18:20+08:00 ] 127.0.0.1 /index.php/Home/Index/api/tweet.php?username=&list=&hashtag=&count=1&exclude_replies=false
INFO: [ app_begin ] --START--
INFO: Run Behavior\ReadHtmlCacheBehavior [ RunTime:0.001000s ]
INFO: [ app_begin ] --END-- [ RunTime:0.002000s ]
ERR: 非法操作:api

[ 2016-02-02T20:20:07+08:00 ] 127.0.0.1 /index.php/Home/Index/api/tweet.php?username=&list=&hashtag=&count=1&exclude_replies=false
INFO: [ app_begin ] --START--
INFO: Run Behavior\ReadHtmlCacheBehavior [ RunTime:0.001000s ]
INFO: [ app_begin ] --END-- [ RunTime:0.002000s ]
ERR: 非法操作:api

[ 2016-02-02T20:22:48+08:00 ] 127.0.0.1 /index.php/Home/Index/api/tweet.php?username=&list=&hashtag=&count=1&exclude_replies=false
INFO: [ app_begin ] --START--
INFO: Run Behavior\ReadHtmlCacheBehavior [ RunTime:0.001000s ]
INFO: [ app_begin ] --END-- [ RunTime:0.003000s ]
ERR: 非法操作:api

[ 2016-02-02T20:22:59+08:00 ] 127.0.0.1 /index.php/Home/Index/api/tweet.php?username=&list=&hashtag=&count=1&exclude_replies=false
INFO: [ app_begin ] --START--
INFO: Run Behavior\ReadHtmlCacheBehavior [ RunTime:0.002000s ]
INFO: [ app_begin ] --END-- [ RunTime:0.004001s ]
ERR: 非法操作:api

[ 2016-02-02T20:23:18+08:00 ] 127.0.0.1 /index.php/Home/Index/api/tweet.php?username=&list=&hashtag=&count=1&exclude_replies=false
INFO: [ app_begin ] --START--
INFO: Run Behavior\ReadHtmlCacheBehavior [ RunTime:0.002000s ]
INFO: [ app_begin ] --END-- [ RunTime:0.002000s ]
ERR: 非法操作:api

[ 2016-02-02T20:23:20+08:00 ] 127.0.0.1 /index.php/Home/Index/api/tweet.php?username=&list=&hashtag=&count=1&exclude_replies=false
INFO: [ app_begin ] --START--
INFO: Run Behavior\ReadHtmlCacheBehavior [ RunTime:0.001000s ]
INFO: [ app_begin ] --END-- [ RunTime:0.002000s ]
ERR: 非法操作:api

[ 2016-02-02T20:23:31+08:00 ] 127.0.0.1 /index.php/Home/Index/api/tweet.php?username=&list=&hashtag=&count=1&exclude_replies=false
INFO: [ app_begin ] --START--
INFO: Run Behavior\ReadHtmlCacheBehavior [ RunTime:0.002000s ]
INFO: [ app_begin ] --END-- [ RunTime:0.004000s ]
ERR: 非法操作:api

[ 2016-02-02T20:26:28+08:00 ] 127.0.0.1 /index.php/Home/Index/api/tweet.php?username=&list=&hashtag=&count=1&exclude_replies=false
INFO: [ app_begin ] --START--
INFO: Run Behavior\ReadHtmlCacheBehavior [ RunTime:0.003001s ]
INFO: [ app_begin ] --END-- [ RunTime:0.004001s ]
ERR: 非法操作:api

[ 2016-02-02T20:27:24+08:00 ] 127.0.0.1 /index.php/Home/Index/api/tweet.php?username=&list=&hashtag=&count=1&exclude_replies=false
INFO: [ app_begin ] --START--
INFO: Run Behavior\ReadHtmlCacheBehavior [ RunTime:0.002000s ]
INFO: [ app_begin ] --END-- [ RunTime:0.003000s ]
ERR: 非法操作:api

[ 2016-02-02T20:27:28+08:00 ] 127.0.0.1 /index.php/Home/Index/api/tweet.php?username=&list=&hashtag=&count=1&exclude_replies=false
INFO: [ app_begin ] --START--
INFO: Run Behavior\ReadHtmlCacheBehavior [ RunTime:0.003000s ]
INFO: [ app_begin ] --END-- [ RunTime:0.004000s ]
ERR: 非法操作:api

[ 2016-02-02T20:27:33+08:00 ] 127.0.0.1 /index.php/Home/Index/api/tweet.php?username=&list=&hashtag=&count=1&exclude_replies=false
INFO: [ app_begin ] --START--
INFO: Run Behavior\ReadHtmlCacheBehavior [ RunTime:0.002000s ]
INFO: [ app_begin ] --END-- [ RunTime:0.003000s ]
ERR: 非法操作:api

[ 2016-02-02T20:29:04+08:00 ] 127.0.0.1 /index.php/Home/Index/api/tweet.php?username=&list=&hashtag=&count=1&exclude_replies=false
INFO: [ app_begin ] --START--
INFO: Run Behavior\ReadHtmlCacheBehavior [ RunTime:0.002000s ]
INFO: [ app_begin ] --END-- [ RunTime:0.003000s ]
ERR: 非法操作:api

[ 2016-02-02T20:33:49+08:00 ] 127.0.0.1 /index.php/Home/Index/showcase
ERR: 非法操作:showcase

[ 2016-02-02T20:33:54+08:00 ] 127.0.0.1 /index.php/Home/Index/showcase
ERR: 非法操作:showcase

[ 2016-02-02T20:33:56+08:00 ] 127.0.0.1 /index.php/Home/Index/body
ERR: 非法操作:body

[ 2016-02-02T20:34:02+08:00 ] 127.0.0.1 /index.php/Home/Index/api/tweet.php?username=&list=&hashtag=&count=1&exclude_replies=false
INFO: [ app_begin ] --START--
INFO: Run Behavior\ReadHtmlCacheBehavior [ RunTime:0.005000s ]
INFO: [ app_begin ] --END-- [ RunTime:0.006000s ]
ERR: 非法操作:api

[ 2016-02-02T20:34:05+08:00 ] 127.0.0.1 /index.php/Home/Index/api/tweet.php?username=&list=&hashtag=&count=1&exclude_replies=false
INFO: [ app_begin ] --START--
INFO: Run Behavior\ReadHtmlCacheBehavior [ RunTime:0.001000s ]
INFO: [ app_begin ] --END-- [ RunTime:0.002000s ]
ERR: 非法操作:api

[ 2016-02-02T20:34:18+08:00 ] 127.0.0.1 /index.php/Home/Index/api/tweet.php?username=&list=&hashtag=&count=1&exclude_replies=false
INFO: [ app_begin ] --START--
INFO: Run Behavior\ReadHtmlCacheBehavior [ RunTime:0.002000s ]
INFO: [ app_begin ] --END-- [ RunTime:0.003000s ]
ERR: 非法操作:api

[ 2016-02-02T20:34:33+08:00 ] 127.0.0.1 /index.php/Home/Index/api/tweet.php?username=&list=&hashtag=&count=1&exclude_replies=false
INFO: [ app_begin ] --START--
INFO: Run Behavior\ReadHtmlCacheBehavior [ RunTime:0.002000s ]
INFO: [ app_begin ] --END-- [ RunTime:0.003000s ]
ERR: 非法操作:api

[ 2016-02-02T20:36:48+08:00 ] 127.0.0.1 /index.php/Home/Index/api/tweet.php?username=&list=&hashtag=&count=1&exclude_replies=false
INFO: [ app_begin ] --START--
INFO: Run Behavior\ReadHtmlCacheBehavior [ RunTime:0.002000s ]
INFO: [ app_begin ] --END-- [ RunTime:0.002000s ]
ERR: 非法操作:api

[ 2016-02-02T20:36:53+08:00 ] 127.0.0.1 /index.php/Home/Index/api/tweet.php?username=&list=&hashtag=&count=1&exclude_replies=false
INFO: [ app_begin ] --START--
INFO: Run Behavior\ReadHtmlCacheBehavior [ RunTime:0.002000s ]
INFO: [ app_begin ] --END-- [ RunTime:0.003000s ]
ERR: 非法操作:api

[ 2016-02-02T20:36:55+08:00 ] 127.0.0.1 /index.php/Home/Index/api/tweet.php?username=&list=&hashtag=&count=1&exclude_replies=false
INFO: [ app_begin ] --START--
INFO: Run Behavior\ReadHtmlCacheBehavior [ RunTime:0.003000s ]
INFO: [ app_begin ] --END-- [ RunTime:0.005001s ]
ERR: 非法操作:api

[ 2016-02-02T20:36:56+08:00 ] 127.0.0.1 /index.php/Home/Index/api/tweet.php?username=&list=&hashtag=&count=1&exclude_replies=false
INFO: [ app_begin ] --START--
INFO: Run Behavior\ReadHtmlCacheBehavior [ RunTime:0.001000s ]
INFO: [ app_begin ] --END-- [ RunTime:0.002000s ]
ERR: 非法操作:api

[ 2016-02-02T20:36:57+08:00 ] 127.0.0.1 /index.php/Home/Index/api/tweet.php?username=&list=&hashtag=&count=1&exclude_replies=false
INFO: [ app_begin ] --START--
INFO: Run Behavior\ReadHtmlCacheBehavior [ RunTime:0.001000s ]
INFO: [ app_begin ] --END-- [ RunTime:0.002000s ]
ERR: 非法操作:api

[ 2016-02-02T20:37:04+08:00 ] 127.0.0.1 /index.php/Home/Index/api/tweet.php?username=&list=&hashtag=&count=1&exclude_replies=false
INFO: [ app_begin ] --START--
INFO: Run Behavior\ReadHtmlCacheBehavior [ RunTime:0.002000s ]
INFO: [ app_begin ] --END-- [ RunTime:0.003000s ]
ERR: 非法操作:api

[ 2016-02-02T20:37:35+08:00 ] 127.0.0.1 /index.php/Home/Index/api/tweet.php?username=&list=&hashtag=&count=1&exclude_replies=false
INFO: [ app_begin ] --START--
INFO: Run Behavior\ReadHtmlCacheBehavior [ RunTime:0.002001s ]
INFO: [ app_begin ] --END-- [ RunTime:0.003001s ]
ERR: 非法操作:api

[ 2016-02-02T20:37:36+08:00 ] 127.0.0.1 /index.php/Home/Index/api/tweet.php?username=&list=&hashtag=&count=1&exclude_replies=false
INFO: [ app_begin ] --START--
INFO: Run Behavior\ReadHtmlCacheBehavior [ RunTime:0.002000s ]
INFO: [ app_begin ] --END-- [ RunTime:0.004001s ]
ERR: 非法操作:api

[ 2016-02-02T20:38:40+08:00 ] 127.0.0.1 /index.php/Home/Index/api/tweet.php?username=&list=&hashtag=&count=1&exclude_replies=false
INFO: [ app_begin ] --START--
INFO: Run Behavior\ReadHtmlCacheBehavior [ RunTime:0.002001s ]
INFO: [ app_begin ] --END-- [ RunTime:0.004001s ]
ERR: 非法操作:api

[ 2016-02-02T20:40:17+08:00 ] 127.0.0.1 /index.php/Home/Index/api/tweet.php?username=&list=&hashtag=&count=1&exclude_replies=false
INFO: [ app_begin ] --START--
INFO: Run Behavior\ReadHtmlCacheBehavior [ RunTime:0.002000s ]
INFO: [ app_begin ] --END-- [ RunTime:0.003000s ]
ERR: 非法操作:api

[ 2016-02-02T20:41:07+08:00 ] 127.0.0.1 /index.php/Home/Index/api/tweet.php?username=&list=&hashtag=&count=1&exclude_replies=false
INFO: [ app_begin ] --START--
INFO: Run Behavior\ReadHtmlCacheBehavior [ RunTime:0.002000s ]
INFO: [ app_begin ] --END-- [ RunTime:0.003000s ]
ERR: 非法操作:api

[ 2016-02-02T20:42:16+08:00 ] 127.0.0.1 /index.php/Home/Index/api/tweet.php?username=&list=&hashtag=&count=1&exclude_replies=false
INFO: [ app_begin ] --START--
INFO: Run Behavior\ReadHtmlCacheBehavior [ RunTime:0.002000s ]
INFO: [ app_begin ] --END-- [ RunTime:0.003000s ]
ERR: 非法操作:api

[ 2016-02-02T20:43:18+08:00 ] 127.0.0.1 /index.php/Home/Index/api/tweet.php?username=&list=&hashtag=&count=1&exclude_replies=false
INFO: [ app_begin ] --START--
INFO: Run Behavior\ReadHtmlCacheBehavior [ RunTime:0.003000s ]
INFO: [ app_begin ] --END-- [ RunTime:0.004000s ]
ERR: 非法操作:api

[ 2016-02-02T20:44:08+08:00 ] 127.0.0.1 /index.php/Home/Index/api/tweet.php?username=&list=&hashtag=&count=1&exclude_replies=false
INFO: [ app_begin ] --START--
INFO: Run Behavior\ReadHtmlCacheBehavior [ RunTime:0.002000s ]
INFO: [ app_begin ] --END-- [ RunTime:0.004000s ]
ERR: 非法操作:api

[ 2016-02-02T20:47:01+08:00 ] 127.0.0.1 /index.php/Home/Index/api/tweet.php?username=&list=&hashtag=&count=1&exclude_replies=false
INFO: [ app_begin ] --START--
INFO: Run Behavior\ReadHtmlCacheBehavior [ RunTime:0.002000s ]
INFO: [ app_begin ] --END-- [ RunTime:0.004000s ]
ERR: 非法操作:api

[ 2016-02-02T20:47:16+08:00 ] 127.0.0.1 /index.php/Home/Index/api/tweet.php?username=&list=&hashtag=&count=1&exclude_replies=false
INFO: [ app_begin ] --START--
INFO: Run Behavior\ReadHtmlCacheBehavior [ RunTime:0.002000s ]
INFO: [ app_begin ] --END-- [ RunTime:0.004000s ]
ERR: 非法操作:api

[ 2016-02-02T20:47:21+08:00 ] 127.0.0.1 /index.php/Home/Index/blog.html
ERR: 非法操作:blog

[ 2016-02-02T20:47:22+08:00 ] 127.0.0.1 /index.php/Home/Index/api/tweet.php?username=&list=&hashtag=&count=1&exclude_replies=false
INFO: [ app_begin ] --START--
INFO: Run Behavior\ReadHtmlCacheBehavior [ RunTime:0.003001s ]
INFO: [ app_begin ] --END-- [ RunTime:0.004001s ]
ERR: 非法操作:api

[ 2016-02-02T20:47:47+08:00 ] 127.0.0.1 /index.php/Home/Index/api/tweet.php?username=&list=&hashtag=&count=1&exclude_replies=false
INFO: [ app_begin ] --START--
INFO: Run Behavior\ReadHtmlCacheBehavior [ RunTime:0.002001s ]
INFO: [ app_begin ] --END-- [ RunTime:0.003001s ]
ERR: 非法操作:api

[ 2016-02-02T20:52:20+08:00 ] 127.0.0.1 /index.php/Home/Index/api/tweet.php?username=&list=&hashtag=&count=1&exclude_replies=false
INFO: [ app_begin ] --START--
INFO: Run Behavior\ReadHtmlCacheBehavior [ RunTime:0.001000s ]
INFO: [ app_begin ] --END-- [ RunTime:0.002000s ]
ERR: 非法操作:api

[ 2016-02-02T20:52:23+08:00 ] 127.0.0.1 /index.php/Home/Index/api/tweet.php?username=&list=&hashtag=&count=1&exclude_replies=false
INFO: [ app_begin ] --START--
INFO: Run Behavior\ReadHtmlCacheBehavior [ RunTime:0.002000s ]
INFO: [ app_begin ] --END-- [ RunTime:0.004000s ]
ERR: 非法操作:api

[ 2016-02-02T20:52:25+08:00 ] 127.0.0.1 /index.php/Home/Index/api/tweet.php?username=&list=&hashtag=&count=1&exclude_replies=false
INFO: [ app_begin ] --START--
INFO: Run Behavior\ReadHtmlCacheBehavior [ RunTime:0.003000s ]
INFO: [ app_begin ] --END-- [ RunTime:0.004001s ]
ERR: 非法操作:api

[ 2016-02-02T20:54:40+08:00 ] 127.0.0.1 /index.php/Home/Index/api/tweet.php?username=&list=&hashtag=&count=1&exclude_replies=false
INFO: [ app_begin ] --START--
INFO: Run Behavior\ReadHtmlCacheBehavior [ RunTime:0.001000s ]
INFO: [ app_begin ] --END-- [ RunTime:0.002000s ]
ERR: 非法操作:api

[ 2016-02-02T20:56:44+08:00 ] 127.0.0.1 /index.php/Home/Index/api/tweet.php?username=&list=&hashtag=&count=1&exclude_replies=false
INFO: [ app_begin ] --START--
INFO: Run Behavior\ReadHtmlCacheBehavior [ RunTime:0.002000s ]
INFO: [ app_begin ] --END-- [ RunTime:0.003000s ]
ERR: 非法操作:api

[ 2016-02-02T20:58:07+08:00 ] 127.0.0.1 /index.php/Home/Index/api/tweet.php?username=&list=&hashtag=&count=1&exclude_replies=false
INFO: [ app_begin ] --START--
INFO: Run Behavior\ReadHtmlCacheBehavior [ RunTime:0.004000s ]
INFO: [ app_begin ] --END-- [ RunTime:0.005000s ]
ERR: 非法操作:api

[ 2016-02-02T20:58:29+08:00 ] 127.0.0.1 /index.php/Home/Index/api/tweet.php?username=&list=&hashtag=&count=1&exclude_replies=false
INFO: [ app_begin ] --START--
INFO: Run Behavior\ReadHtmlCacheBehavior [ RunTime:0.002001s ]
INFO: [ app_begin ] --END-- [ RunTime:0.004001s ]
ERR: 非法操作:api

[ 2016-02-02T20:59:47+08:00 ] 127.0.0.1 /index.php/Home/Index/api/tweet.php?username=&list=&hashtag=&count=1&exclude_replies=false
INFO: [ app_begin ] --START--
INFO: Run Behavior\ReadHtmlCacheBehavior [ RunTime:0.001000s ]
INFO: [ app_begin ] --END-- [ RunTime:0.002000s ]
ERR: 非法操作:api

[ 2016-02-02T20:59:51+08:00 ] 127.0.0.1 /index.php/Home/Index/api/tweet.php?username=&list=&hashtag=&count=1&exclude_replies=false
INFO: [ app_begin ] --START--
INFO: Run Behavior\ReadHtmlCacheBehavior [ RunTime:0.002000s ]
INFO: [ app_begin ] --END-- [ RunTime:0.003000s ]
ERR: 非法操作:api

[ 2016-02-02T20:59:53+08:00 ] 127.0.0.1 /index.php/Home/Index/api/tweet.php?username=&list=&hashtag=&count=1&exclude_replies=false
INFO: [ app_begin ] --START--
INFO: Run Behavior\ReadHtmlCacheBehavior [ RunTime:0.002000s ]
INFO: [ app_begin ] --END-- [ RunTime:0.003000s ]
ERR: 非法操作:api

[ 2016-02-02T20:59:57+08:00 ] 127.0.0.1 /index.php/Home/Index/api/tweet.php?username=&list=&hashtag=&count=1&exclude_replies=false
INFO: [ app_begin ] --START--
INFO: Run Behavior\ReadHtmlCacheBehavior [ RunTime:0.002000s ]
INFO: [ app_begin ] --END-- [ RunTime:0.003000s ]
ERR: 非法操作:api

[ 2016-02-02T21:00:05+08:00 ] 127.0.0.1 /index.php/Home/Index/api/tweet.php?username=&list=&hashtag=&count=1&exclude_replies=false
INFO: [ app_begin ] --START--
INFO: Run Behavior\ReadHtmlCacheBehavior [ RunTime:0.001000s ]
INFO: [ app_begin ] --END-- [ RunTime:0.003000s ]
ERR: 非法操作:api

[ 2016-02-02T21:00:10+08:00 ] 127.0.0.1 /index.php/Home/Index/api/tweet.php?username=&list=&hashtag=&count=1&exclude_replies=false
INFO: [ app_begin ] --START--
INFO: Run Behavior\ReadHtmlCacheBehavior [ RunTime:0.002000s ]
INFO: [ app_begin ] --END-- [ RunTime:0.003000s ]
ERR: 非法操作:api

[ 2016-02-02T21:00:48+08:00 ] 127.0.0.1 /index.php/Home/Index/api/tweet.php?username=&list=&hashtag=&count=1&exclude_replies=false
INFO: [ app_begin ] --START--
INFO: Run Behavior\ReadHtmlCacheBehavior [ RunTime:0.003000s ]
INFO: [ app_begin ] --END-- [ RunTime:0.004000s ]
ERR: 非法操作:api

[ 2016-02-02T21:01:37+08:00 ] 127.0.0.1 /index.php/Home/Index/api/tweet.php?username=&list=&hashtag=&count=1&exclude_replies=false
INFO: [ app_begin ] --START--
INFO: Run Behavior\ReadHtmlCacheBehavior [ RunTime:0.003000s ]
INFO: [ app_begin ] --END-- [ RunTime:0.004000s ]
ERR: 非法操作:api

[ 2016-02-02T21:03:16+08:00 ] 127.0.0.1 /index.php/Home/Index/api/tweet.php?username=&list=&hashtag=&count=1&exclude_replies=false
INFO: [ app_begin ] --START--
INFO: Run Behavior\ReadHtmlCacheBehavior [ RunTime:0.002000s ]
INFO: [ app_begin ] --END-- [ RunTime:0.003001s ]
ERR: 非法操作:api

[ 2016-02-02T21:03:37+08:00 ] 127.0.0.1 /index.php/Home/Index/api/tweet.php?username=&list=&hashtag=&count=1&exclude_replies=false
INFO: [ app_begin ] --START--
INFO: Run Behavior\ReadHtmlCacheBehavior [ RunTime:0.001000s ]
INFO: [ app_begin ] --END-- [ RunTime:0.002000s ]
ERR: 非法操作:api

[ 2016-02-02T21:04:17+08:00 ] 127.0.0.1 /index.php/Home/Index/api/tweet.php?username=&list=&hashtag=&count=1&exclude_replies=false
INFO: [ app_begin ] --START--
INFO: Run Behavior\ReadHtmlCacheBehavior [ RunTime:0.002001s ]
INFO: [ app_begin ] --END-- [ RunTime:0.002001s ]
ERR: 非法操作:api

[ 2016-02-02T21:04:23+08:00 ] 127.0.0.1 /index.php/Home/Index/api/tweet.php?username=&list=&hashtag=&count=1&exclude_replies=false
INFO: [ app_begin ] --START--
INFO: Run Behavior\ReadHtmlCacheBehavior [ RunTime:0.003000s ]
INFO: [ app_begin ] --END-- [ RunTime:0.017001s ]
ERR: 非法操作:api

[ 2016-02-02T21:04:56+08:00 ] 127.0.0.1 /index.php/Home/Index/api/tweet.php?username=&list=&hashtag=&count=1&exclude_replies=false
INFO: [ app_begin ] --START--
INFO: Run Behavior\ReadHtmlCacheBehavior [ RunTime:0.001000s ]
INFO: [ app_begin ] --END-- [ RunTime:0.002000s ]
ERR: 非法操作:api

[ 2016-02-02T21:04:58+08:00 ] 127.0.0.1 /index.php/Home/Index/api/tweet.php?username=&list=&hashtag=&count=1&exclude_replies=false
INFO: [ app_begin ] --START--
INFO: Run Behavior\ReadHtmlCacheBehavior [ RunTime:0.001000s ]
INFO: [ app_begin ] --END-- [ RunTime:0.001000s ]
ERR: 非法操作:api

[ 2016-02-02T21:05:22+08:00 ] 127.0.0.1 /index.php/Home/Index/api/tweet.php?username=&list=&hashtag=&count=1&exclude_replies=false
INFO: [ app_begin ] --START--
INFO: Run Behavior\ReadHtmlCacheBehavior [ RunTime:0.002000s ]
INFO: [ app_begin ] --END-- [ RunTime:0.003000s ]
ERR: 非法操作:api

[ 2016-02-02T21:05:25+08:00 ] 127.0.0.1 /index.php/Home/Index/api/tweet.php?username=&list=&hashtag=&count=1&exclude_replies=false
INFO: [ app_begin ] --START--
INFO: Run Behavior\ReadHtmlCacheBehavior [ RunTime:0.002001s ]
INFO: [ app_begin ] --END-- [ RunTime:0.003001s ]
ERR: 非法操作:api

[ 2016-02-02T21:05:28+08:00 ] 127.0.0.1 /index.php/Home/Index/api/tweet.php?username=&list=&hashtag=&count=1&exclude_replies=false
INFO: [ app_begin ] --START--
INFO: Run Behavior\ReadHtmlCacheBehavior [ RunTime:0.003000s ]
INFO: [ app_begin ] --END-- [ RunTime:0.004000s ]
ERR: 非法操作:api

[ 2016-02-02T21:06:24+08:00 ] 127.0.0.1 /index.php/Home/Index/api/tweet.php?username=&list=&hashtag=&count=1&exclude_replies=false
INFO: [ app_begin ] --START--
INFO: Run Behavior\ReadHtmlCacheBehavior [ RunTime:0.003000s ]
INFO: [ app_begin ] --END-- [ RunTime:0.004001s ]
ERR: 非法操作:api

[ 2016-02-02T21:11:01+08:00 ] 127.0.0.1 /index.php/Home/Index/api/tweet.php?username=&list=&hashtag=&count=1&exclude_replies=false
INFO: [ app_begin ] --START--
INFO: Run Behavior\ReadHtmlCacheBehavior [ RunTime:0.002000s ]
INFO: [ app_begin ] --END-- [ RunTime:0.002000s ]
ERR: 非法操作:api

[ 2016-02-02T21:11:40+08:00 ] 127.0.0.1 /index.php/Home/Index/api/tweet.php?username=&list=&hashtag=&count=1&exclude_replies=false
INFO: [ app_begin ] --START--
INFO: Run Behavior\ReadHtmlCacheBehavior [ RunTime:0.002000s ]
INFO: [ app_begin ] --END-- [ RunTime:0.002000s ]
ERR: 非法操作:api

[ 2016-02-02T21:11:57+08:00 ] 127.0.0.1 /index.php/Home/Index/api/tweet.php?username=&list=&hashtag=&count=1&exclude_replies=false
INFO: [ app_begin ] --START--
INFO: Run Behavior\ReadHtmlCacheBehavior [ RunTime:0.002000s ]
INFO: [ app_begin ] --END-- [ RunTime:0.003000s ]
ERR: 非法操作:api

[ 2016-02-02T21:12:41+08:00 ] 127.0.0.1 /index.php/Home/Index/api/tweet.php?username=&list=&hashtag=&count=1&exclude_replies=false
INFO: [ app_begin ] --START--
INFO: Run Behavior\ReadHtmlCacheBehavior [ RunTime:0.003000s ]
INFO: [ app_begin ] --END-- [ RunTime:0.004000s ]
ERR: 非法操作:api

[ 2016-02-02T21:13:55+08:00 ] 127.0.0.1 /index.php/Home/Index/api/tweet.php?username=&list=&hashtag=&count=1&exclude_replies=false
INFO: [ app_begin ] --START--
INFO: Run Behavior\ReadHtmlCacheBehavior [ RunTime:0.002000s ]
INFO: [ app_begin ] --END-- [ RunTime:0.002000s ]
ERR: 非法操作:api

[ 2016-02-02T21:15:19+08:00 ] 127.0.0.1 /index.php/Home/Index/api/tweet.php?username=&list=&hashtag=&count=1&exclude_replies=false
INFO: [ app_begin ] --START--
INFO: Run Behavior\ReadHtmlCacheBehavior [ RunTime:0.003000s ]
INFO: [ app_begin ] --END-- [ RunTime:0.006000s ]
ERR: 非法操作:api

[ 2016-02-02T21:16:29+08:00 ] 127.0.0.1 /index.php/Home/Index/api/tweet.php?username=&list=&hashtag=&count=1&exclude_replies=false
INFO: [ app_begin ] --START--
INFO: Run Behavior\ReadHtmlCacheBehavior [ RunTime:0.001000s ]
INFO: [ app_begin ] --END-- [ RunTime:0.003000s ]
ERR: 非法操作:api

[ 2016-02-02T21:16:31+08:00 ] 127.0.0.1 /index.php/Home/Index/api/tweet.php?username=&list=&hashtag=&count=1&exclude_replies=false
INFO: [ app_begin ] --START--
INFO: Run Behavior\ReadHtmlCacheBehavior [ RunTime:0.001000s ]
INFO: [ app_begin ] --END-- [ RunTime:0.003000s ]
ERR: 非法操作:api

[ 2016-02-02T21:16:33+08:00 ] 127.0.0.1 /index.php/Home/Index/api/tweet.php?username=&list=&hashtag=&count=1&exclude_replies=false
INFO: [ app_begin ] --START--
INFO: Run Behavior\ReadHtmlCacheBehavior [ RunTime:0.002000s ]
INFO: [ app_begin ] --END-- [ RunTime:0.005000s ]
ERR: 非法操作:api

[ 2016-02-02T21:16:36+08:00 ] 127.0.0.1 /index.php/Home/Index/api/tweet.php?username=&list=&hashtag=&count=1&exclude_replies=false
INFO: [ app_begin ] --START--
INFO: Run Behavior\ReadHtmlCacheBehavior [ RunTime:0.003001s ]
INFO: [ app_begin ] --END-- [ RunTime:0.003001s ]
ERR: 非法操作:api

[ 2016-02-02T21:17:36+08:00 ] 127.0.0.1 /index.php/Home/Index/api/tweet.php?username=&list=&hashtag=&count=1&exclude_replies=false
INFO: [ app_begin ] --START--
INFO: Run Behavior\ReadHtmlCacheBehavior [ RunTime:0.003000s ]
INFO: [ app_begin ] --END-- [ RunTime:0.004000s ]
ERR: 非法操作:api

[ 2016-02-02T21:17:37+08:00 ] 127.0.0.1 /index.php/Home/Index/api/tweet.php?username=&list=&hashtag=&count=1&exclude_replies=false
INFO: [ app_begin ] --START--
INFO: Run Behavior\ReadHtmlCacheBehavior [ RunTime:0.002000s ]
INFO: [ app_begin ] --END-- [ RunTime:0.003000s ]
ERR: 非法操作:api

[ 2016-02-02T21:17:40+08:00 ] 127.0.0.1 /index.php/Home/Index/api/tweet.php?username=&list=&hashtag=&count=1&exclude_replies=false
INFO: [ app_begin ] --START--
INFO: Run Behavior\ReadHtmlCacheBehavior [ RunTime:0.002000s ]
INFO: [ app_begin ] --END-- [ RunTime:0.003000s ]
ERR: 非法操作:api

[ 2016-02-02T21:17:41+08:00 ] 127.0.0.1 /index.php/Home/Index/api/tweet.php?username=&list=&hashtag=&count=1&exclude_replies=false
INFO: [ app_begin ] --START--
INFO: Run Behavior\ReadHtmlCacheBehavior [ RunTime:0.002001s ]
INFO: [ app_begin ] --END-- [ RunTime:0.003001s ]
ERR: 非法操作:api

[ 2016-02-02T21:17:42+08:00 ] 127.0.0.1 /index.php/Home/Index/api/tweet.php?username=&list=&hashtag=&count=1&exclude_replies=false
INFO: [ app_begin ] --START--
INFO: Run Behavior\ReadHtmlCacheBehavior [ RunTime:0.002000s ]
INFO: [ app_begin ] --END-- [ RunTime:0.003000s ]
ERR: 非法操作:api

[ 2016-02-02T21:19:00+08:00 ] 127.0.0.1 /index.php/Home/Index/api/tweet.php?username=&list=&hashtag=&count=1&exclude_replies=false
INFO: [ app_begin ] --START--
INFO: Run Behavior\ReadHtmlCacheBehavior [ RunTime:0.002000s ]
INFO: [ app_begin ] --END-- [ RunTime:0.003001s ]
ERR: 非法操作:api

[ 2016-02-02T21:19:01+08:00 ] 127.0.0.1 /index.php/Home/Index/api/tweet.php?username=&list=&hashtag=&count=1&exclude_replies=false
INFO: [ app_begin ] --START--
INFO: Run Behavior\ReadHtmlCacheBehavior [ RunTime:0.003000s ]
INFO: [ app_begin ] --END-- [ RunTime:0.003000s ]
ERR: 非法操作:api

[ 2016-02-02T21:19:04+08:00 ] 127.0.0.1 /index.php/Home/Index/api/tweet.php?username=&list=&hashtag=&count=1&exclude_replies=false
INFO: [ app_begin ] --START--
INFO: Run Behavior\ReadHtmlCacheBehavior [ RunTime:0.002000s ]
INFO: [ app_begin ] --END-- [ RunTime:0.004000s ]
ERR: 非法操作:api

[ 2016-02-02T21:19:07+08:00 ] 127.0.0.1 /index.php/Home/Index/api/tweet.php?username=&list=&hashtag=&count=1&exclude_replies=false
INFO: [ app_begin ] --START--
INFO: Run Behavior\ReadHtmlCacheBehavior [ RunTime:0.002000s ]
INFO: [ app_begin ] --END-- [ RunTime:0.003000s ]
ERR: 非法操作:api

[ 2016-02-02T22:41:05+08:00 ] 127.0.0.1 /index.php/Home/Index/api/tweet.php?username=&list=&hashtag=&count=1&exclude_replies=false
INFO: [ app_begin ] --START--
INFO: Run Behavior\ReadHtmlCacheBehavior [ RunTime:0.002000s ]
INFO: [ app_begin ] --END-- [ RunTime:0.003000s ]
ERR: 非法操作:api

