[ 2016-02-06T22:41:14+08:00 ] 127.0.0.1 /index.php/Home/Index/api/tweet.php?username=&list=&hashtag=&count=1&exclude_replies=false
INFO: [ app_begin ] --START--
INFO: Run Behavior\ReadHtmlCacheBehavior [ RunTime:0.001000s ]
INFO: [ app_begin ] --END-- [ RunTime:0.003000s ]
ERR: 非法操作:api

[ 2016-02-06T22:41:16+08:00 ] 127.0.0.1 /index.php/Home/Index/api/tweet.php?username=&list=&hashtag=&count=1&exclude_replies=false
INFO: [ app_begin ] --START--
INFO: Run Behavior\ReadHtmlCacheBehavior [ RunTime:0.002000s ]
INFO: [ app_begin ] --END-- [ RunTime:0.002000s ]
ERR: 非法操作:api

[ 2016-02-06T22:41:17+08:00 ] 127.0.0.1 /index.php/Home/Index/api/tweet.php?username=&list=&hashtag=&count=1&exclude_replies=false
INFO: [ app_begin ] --START--
INFO: Run Behavior\ReadHtmlCacheBehavior [ RunTime:0.002000s ]
INFO: [ app_begin ] --END-- [ RunTime:0.003000s ]
ERR: 非法操作:api

[ 2016-02-06T22:41:18+08:00 ] 127.0.0.1 /index.php/Home/Index/api/tweet.php?username=&list=&hashtag=&count=1&exclude_replies=false
INFO: [ app_begin ] --START--
INFO: Run Behavior\ReadHtmlCacheBehavior [ RunTime:0.000000s ]
INFO: [ app_begin ] --END-- [ RunTime:0.000000s ]
ERR: 非法操作:api

[ 2016-02-06T22:41:20+08:00 ] 127.0.0.1 /index.php/Home/Index/api/tweet.php?username=&list=&hashtag=&count=1&exclude_replies=false
INFO: [ app_begin ] --START--
INFO: Run Behavior\ReadHtmlCacheBehavior [ RunTime:0.001000s ]
INFO: [ app_begin ] --END-- [ RunTime:0.002000s ]
ERR: 非法操作:api

[ 2016-02-06T22:41:25+08:00 ] 127.0.0.1 /index.php/Home/Index/api/tweet.php?username=&list=&hashtag=&count=1&exclude_replies=false
INFO: [ app_begin ] --START--
INFO: Run Behavior\ReadHtmlCacheBehavior [ RunTime:0.000000s ]
INFO: [ app_begin ] --END-- [ RunTime:0.000000s ]
ERR: 非法操作:api

[ 2016-02-06T22:41:27+08:00 ] 127.0.0.1 /index.php/Home/Index/api/tweet.php?username=&list=&hashtag=&count=1&exclude_replies=false
INFO: [ app_begin ] --START--
INFO: Run Behavior\ReadHtmlCacheBehavior [ RunTime:0.001000s ]
INFO: [ app_begin ] --END-- [ RunTime:0.002000s ]
ERR: 非法操作:api

[ 2016-02-06T22:41:31+08:00 ] 127.0.0.1 /index.php/Home/Index/api/tweet.php?username=&list=&hashtag=&count=1&exclude_replies=false
INFO: [ app_begin ] --START--
INFO: Run Behavior\ReadHtmlCacheBehavior [ RunTime:0.001000s ]
INFO: [ app_begin ] --END-- [ RunTime:0.002000s ]
ERR: 非法操作:api

[ 2016-02-06T22:41:32+08:00 ] 127.0.0.1 /index.php/Home/Index/api/tweet.php?username=&list=&hashtag=&count=1&exclude_replies=false
INFO: [ app_begin ] --START--
INFO: Run Behavior\ReadHtmlCacheBehavior [ RunTime:0.001000s ]
INFO: [ app_begin ] --END-- [ RunTime:0.002000s ]
ERR: 非法操作:api

[ 2016-02-06T22:41:39+08:00 ] 127.0.0.1 /index.php/Home/Index/api/tweet.php?username=&list=&hashtag=&count=1&exclude_replies=false
INFO: [ app_begin ] --START--
INFO: Run Behavior\ReadHtmlCacheBehavior [ RunTime:0.001000s ]
INFO: [ app_begin ] --END-- [ RunTime:0.002000s ]
ERR: 非法操作:api

[ 2016-02-06T22:43:21+08:00 ] 127.0.0.1 /index.php/Home/Index/api/tweet.php?username=&list=&hashtag=&count=1&exclude_replies=false
INFO: [ app_begin ] --START--
INFO: Run Behavior\ReadHtmlCacheBehavior [ RunTime:0.000000s ]
INFO: [ app_begin ] --END-- [ RunTime:0.000000s ]
ERR: 非法操作:api

